#
# There is insufficient memory for the Java Runtime Environment to continue.
# Native memory allocation (mmap) failed to map 8388608 bytes. Error detail: G1 virtual space
# Possible reasons:
#   The system is out of physical RAM or swap space
#   This process is running with CompressedOops enabled, and the Java Heap may be blocking the growth of the native heap
# Possible solutions:
#   Reduce memory load on the system
#   Increase physical memory or swap space
#   Check if swap backing store is full
#   Decrease Java heap size (-Xmx/-Xms)
#   Decrease number of Java threads
#   Decrease Java thread stack sizes (-Xss)
#   Set larger code cache with -XX:ReservedCodeCacheSize=
#   JVM is running with Unscaled Compressed Oops mode in which the Java heap is
#     placed in the first 4GB address space. The Java Heap base address is the
#     maximum limit for the native heap growth. Please use -XX:HeapBaseMinAddress
#     to set the Java Heap base and to place the Java Heap above 4GB virtual address.
# This output file may be truncated or incomplete.
#
#  Out of Memory Error (os_windows.cpp:3678), pid=4916, tid=31376
#
# JRE version:  (17.0.12+7) (build )
# Java VM: OpenJDK 64-Bit Server VM (17.0.12+7-LTS, mixed mode, sharing, tiered, compressed oops, compressed class ptrs, g1 gc, windows-amd64)
# No core dump will be written. Minidumps are not enabled by default on client versions of Windows
#

---------------  S U M M A R Y ------------

Command Line: -Dapplication.home=C:\Program Files (x86)\Android\openjdk\jdk-17.0.12 --add-modules=ALL-DEFAULT -Xms8m -Djdk.module.main=jdk.compiler jdk.compiler/com.sun.tools.javac.Main -version

Host: AMD Ryzen 7 7435HS                             , 16 cores, 7G,  Windows 11 , 64 bit Build 26100 (10.0.26100.6725)
Time: Tue Nov 11 14:45:54 2025 Hora est. Pacífico, Sudamérica elapsed time: 2.097469 seconds (0d 0h 0m 2s)

---------------  T H R E A D  ---------------

Current thread (0x000001eec7bb39d0):  JavaThread "Unknown thread" [_thread_in_vm, id=31376, stack(0x000000a689800000,0x000000a689900000)]

Stack: [0x000000a689800000,0x000000a689900000]
Native frames: (J=compiled Java code, j=interpreted, Vv=VM code, C=native code)
V  [jvm.dll+0x686d99]
V  [jvm.dll+0x83daf8]
V  [jvm.dll+0x83f5a3]
V  [jvm.dll+0x83fc13]
V  [jvm.dll+0x2492ef]
V  [jvm.dll+0x683dd9]
V  [jvm.dll+0x6782fa]
V  [jvm.dll+0x30a797]
V  [jvm.dll+0x311d06]
V  [jvm.dll+0x36252e]
V  [jvm.dll+0x36276d]
V  [jvm.dll+0x2e1a9c]
V  [jvm.dll+0x2e29b4]
V  [jvm.dll+0x80faab]
V  [jvm.dll+0x370241]
V  [jvm.dll+0x7ee6bf]
V  [jvm.dll+0x3f6ccf]
V  [jvm.dll+0x3f87f1]
C  [jli.dll+0x5284]
C  [ucrtbase.dll+0x37b0]
C  [KERNEL32.DLL+0x2e8d7]
C  [ntdll.dll+0x8c53c]


---------------  P R O C E S S  ---------------

Threads class SMR info:
_java_thread_list=0x00007ffb0758cf98, length=0, elements={
}

Java Threads: ( => current thread )

Other Threads:
  0x000001eec7c12460 GCTaskThread "GC Thread#0" [stack: 0x000000a689900000,0x000000a689a00000] [id=17040]
  0x000001eec7c242a0 ConcurrentGCThread "G1 Main Marker" [stack: 0x000000a689a00000,0x000000a689b00000] [id=23264]
  0x000001eec7c24cc0 ConcurrentGCThread "G1 Conc#0" [stack: 0x000000a689b00000,0x000000a689c00000] [id=35328]

[error occurred during error reporting (printing all threads), id 0xc0000005, EXCEPTION_ACCESS_VIOLATION (0xc0000005) at pc=0x00007ffb06d425b7]

VM state: not at safepoint (not fully initialized)

VM Mutex/Monitor currently owned by a thread:  ([mutex/lock_event])
[0x000001eec7bafb00] Heap_lock - owner thread: 0x000001eec7bb39d0

Heap address: 0x0000000082c00000, size: 2004 MB, Compressed Oops mode: 32-bit

CDS archive(s) mapped at: [0x0000000000000000-0x0000000000000000-0x0000000000000000), size 0, SharedBaseAddress: 0x0000000800000000, ArchiveRelocationMode: 1.
Narrow klass base: 0x0000000000000000, Narrow klass shift: 0, Narrow klass range: 0x0

GC Precious Log:
<Empty>

Heap:
 garbage-first heap   total 0K, used 0K [0x0000000082c00000, 0x0000000100000000)
  region size 1024K, 0 young (0K), 0 survivors (0K)

[error occurred during error reporting (printing heap information), id 0xc0000005, EXCEPTION_ACCESS_VIOLATION (0xc0000005) at pc=0x00007ffb07130a39]

GC Heap History (0 events):
No events

Dll operation events (1 events):
Event: 0.046 Loaded shared library C:\Program Files (x86)\Android\openjdk\jdk-17.0.12\bin\java.dll

Deoptimization events (0 events):
No events

Classes loaded (0 events):
No events

Classes unloaded (0 events):
No events

Classes redefined (0 events):
No events

Internal exceptions (0 events):
No events

VM Operations (0 events):
No events

Events (0 events):
No events


Dynamic libraries:
0x00007ff7af190000 - 0x00007ff7af198000 	C:\Program Files (x86)\Android\openjdk\jdk-17.0.12\bin\javac.exe
0x00007ffc441e0000 - 0x00007ffc44448000 	C:\WINDOWS\SYSTEM32\ntdll.dll
0x00007ffc433a0000 - 0x00007ffc43469000 	C:\WINDOWS\System32\KERNEL32.DLL
0x00007ffc41640000 - 0x00007ffc41a32000 	C:\WINDOWS\System32\KERNELBASE.dll
0x00007ffc41370000 - 0x00007ffc414bb000 	C:\WINDOWS\System32\ucrtbase.dll
0x00007ffbcc5c0000 - 0x00007ffbcc5dd000 	C:\Program Files (x86)\Android\openjdk\jdk-17.0.12\bin\VCRUNTIME140.dll
0x00007ffbc4620000 - 0x00007ffbc4637000 	C:\Program Files (x86)\Android\openjdk\jdk-17.0.12\bin\jli.dll
0x00007ffc43590000 - 0x00007ffc43755000 	C:\WINDOWS\System32\USER32.dll
0x00007ffc41ce0000 - 0x00007ffc41d07000 	C:\WINDOWS\System32\win32u.dll
0x00007ffc43030000 - 0x00007ffc4305b000 	C:\WINDOWS\System32\GDI32.dll
0x00007ffc29dd0000 - 0x00007ffc2a063000 	C:\WINDOWS\WinSxS\amd64_microsoft.windows.common-controls_6595b64144ccf1df_6.0.26100.6899_none_3e0efeeae32e88c1\COMCTL32.dll
0x00007ffc41af0000 - 0x00007ffc41c1d000 	C:\WINDOWS\System32\gdi32full.dll
0x00007ffc43f10000 - 0x00007ffc43fb9000 	C:\WINDOWS\System32\msvcrt.dll
0x00007ffc41a40000 - 0x00007ffc41ae3000 	C:\WINDOWS\System32\msvcp_win.dll
0x00007ffc43550000 - 0x00007ffc4357f000 	C:\WINDOWS\System32\IMM32.DLL
0x00007ffbcc5b0000 - 0x00007ffbcc5bc000 	C:\Program Files (x86)\Android\openjdk\jdk-17.0.12\bin\vcruntime140_1.dll
0x00007ffba0210000 - 0x00007ffba029d000 	C:\Program Files (x86)\Android\openjdk\jdk-17.0.12\bin\msvcp140.dll
0x00007ffb06a50000 - 0x00007ffb076c0000 	C:\Program Files (x86)\Android\openjdk\jdk-17.0.12\bin\server\jvm.dll
0x00007ffc432e0000 - 0x00007ffc43394000 	C:\WINDOWS\System32\ADVAPI32.dll
0x00007ffc440e0000 - 0x00007ffc44186000 	C:\WINDOWS\System32\sechost.dll
0x00007ffc431c0000 - 0x00007ffc432d8000 	C:\WINDOWS\System32\RPCRT4.dll
0x00007ffc43fc0000 - 0x00007ffc44034000 	C:\WINDOWS\System32\WS2_32.dll
0x00007ffc411d0000 - 0x00007ffc4122e000 	C:\WINDOWS\SYSTEM32\POWRPROF.dll
0x00007ffc39b70000 - 0x00007ffc39b7b000 	C:\WINDOWS\SYSTEM32\VERSION.dll
0x00007ffc319b0000 - 0x00007ffc319e5000 	C:\WINDOWS\SYSTEM32\WINMM.dll
0x00007ffc411b0000 - 0x00007ffc411c4000 	C:\WINDOWS\SYSTEM32\UMPDC.dll
0x00007ffc40140000 - 0x00007ffc4015b000 	C:\WINDOWS\SYSTEM32\kernel.appcore.dll
0x00007ffbcc580000 - 0x00007ffbcc58a000 	C:\Program Files (x86)\Android\openjdk\jdk-17.0.12\bin\jimage.dll
0x00007ffc2c4c0000 - 0x00007ffc2c702000 	C:\WINDOWS\SYSTEM32\DBGHELP.DLL
0x00007ffc42a50000 - 0x00007ffc42dcb000 	C:\WINDOWS\System32\combase.dll
0x00007ffc43470000 - 0x00007ffc43547000 	C:\WINDOWS\System32\OLEAUT32.dll
0x00007ffc24cf0000 - 0x00007ffc24d2c000 	C:\WINDOWS\SYSTEM32\dbgcore.DLL
0x00007ffc41da0000 - 0x00007ffc41e38000 	C:\WINDOWS\System32\bcryptPrimitives.dll
0x00007ffbb40f0000 - 0x00007ffbb4115000 	C:\Program Files (x86)\Android\openjdk\jdk-17.0.12\bin\java.dll

dbghelp: loaded successfully - version: 4.0.5 - missing functions: none
symbol engine: initialized successfully - sym options: 0x614 - pdb path: .;C:\Program Files (x86)\Android\openjdk\jdk-17.0.12\bin;C:\WINDOWS\SYSTEM32;C:\WINDOWS\WinSxS\amd64_microsoft.windows.common-controls_6595b64144ccf1df_6.0.26100.6899_none_3e0efeeae32e88c1;C:\Program Files (x86)\Android\openjdk\jdk-17.0.12\bin\server

VM Arguments:
jvm_args: -Dapplication.home=C:\Program Files (x86)\Android\openjdk\jdk-17.0.12 --add-modules=ALL-DEFAULT -Xms8m -Djdk.module.main=jdk.compiler 
java_command: jdk.compiler/com.sun.tools.javac.Main -version
java_class_path (initial): <not set>
Launcher Type: SUN_STANDARD

[Global flags]
     intx CICompilerCount                          = 12                                        {product} {ergonomic}
     uint ConcGCThreads                            = 3                                         {product} {ergonomic}
     uint G1ConcRefinementThreads                  = 13                                        {product} {ergonomic}
   size_t G1HeapRegionSize                         = 1048576                                   {product} {ergonomic}
    uintx GCDrainStackTargetSize                   = 64                                        {product} {ergonomic}
   size_t InitialHeapSize                          = 8388608                                   {product} {command line}
   size_t MarkStackSize                            = 4194304                                   {product} {ergonomic}
   size_t MaxHeapSize                              = 2101346304                                {product} {ergonomic}
   size_t MinHeapDeltaBytes                        = 1048576                                   {product} {ergonomic}
   size_t MinHeapSize                              = 8388608                                   {product} {command line}
    uintx NonNMethodCodeHeapSize                   = 7602480                                {pd product} {ergonomic}
    uintx NonProfiledCodeHeapSize                  = 122027880                              {pd product} {ergonomic}
    uintx ProfiledCodeHeapSize                     = 122027880                              {pd product} {ergonomic}
    uintx ReservedCodeCacheSize                    = 251658240                              {pd product} {ergonomic}
     bool SegmentedCodeCache                       = true                                      {product} {ergonomic}
   size_t SoftMaxHeapSize                          = 2101346304                             {manageable} {ergonomic}
     bool UseCompressedClassPointers               = true                           {product lp64_product} {ergonomic}
     bool UseCompressedOops                        = true                           {product lp64_product} {ergonomic}
     bool UseG1GC                                  = true                                      {product} {ergonomic}
     bool UseLargePagesIndividualAllocation        = false                                  {pd product} {ergonomic}

Logging:
Log output configuration:
 #0: stdout all=warning uptime,level,tags
 #1: stderr all=off uptime,level,tags

Environment Variables:
PATH=C:\Program Files (x86)\Android\openjdk\jdk-17.0.12\bin;C:\Program Files\Common Files\Oracle\Java\javapath;C:\WINDOWS\system32;C:\WINDOWS;C:\WINDOWS\System32\Wbem;C:\WINDOWS\System32\WindowsPowerShell\v1.0\;C:\WINDOWS\System32\OpenSSH\;C:\Program Files (x86)\NVIDIA Corporation\PhysX\Common;C:\Program Files\NVIDIA Corporation\NVIDIA NvDLISR;C:\Program Files\dotnet\;C:\Program Files\Microsoft SQL Server\150\Tools\Binn\;C:\Program Files\Microsoft SQL Server\Client SDK\ODBC\170\Tools\Binn\;C:\Program Files (x86)\Windows Kits\10\Windows Performance Toolkit\;C:\Program Files\Git\cmd;C:\Program Files (x86)\Microsoft SQL Server\160\Tools\Binn\;C:\Program Files\Microsoft SQL Server\160\Tools\Binn\;C:\Program Files\Microsoft SQL Server\160\DTS\Binn\;C:\Program Files (x86)\Microsoft SQL Server\160\DTS\Binn\;C:\Program Files\nodejs\;C:\Program Files\Docker\Docker\resources\bin;C:\Users\MERARI URBANO\AppData\Local\Programs\Python\Launcher\;C:\Users\MERARI URBANO\AppData\Local\Microsoft\WindowsApps;C:\Users\MERARI URBANO\AppData\Local\Programs\Microsoft VS Code\bin;C:\Users\MERARI URBANO\.dotnet\tools;C:\Program Files\Apache\Maven\apache-maven-3.9.9\bin;C:\Users\MERARI URBANO\AppData\Roaming\npm;C:\Users\MERARI URBANO\AppData\Local\Android\Sdk;C:\Users\MERARI URBANO\AppData\Local\Android\Sdk\platform-tools;
USERNAME=MERARI URBANO
OS=Windows_NT
PROCESSOR_IDENTIFIER=AMD64 Family 25 Model 68 Stepping 1, AuthenticAMD
TMP=C:\Users\MERARI~1\AppData\Local\Temp
TEMP=C:\Users\MERARI~1\AppData\Local\Temp



Periodic native trim disabled


---------------  S Y S T E M  ---------------

OS:
 Windows 11 , 64 bit Build 26100 (10.0.26100.6725)
OS uptime: 19 days 19:00 hours
Hyper-V role detected

CPU: total 16 (initial active 16) (16 cores per cpu, 2 threads per core) family 25 model 68 stepping 1 microcode 0xa404107, cx8, cmov, fxsr, ht, mmx, 3dnowpref, sse, sse2, sse3, ssse3, sse4a, sse4.1, sse4.2, popcnt, lzcnt, tsc, tscinvbit, avx, avx2, aes, erms, clmul, bmi1, bmi2, adx, sha, fma, vzeroupper, clflush, clflushopt, hv
Processor Information for the first 16 processors :
  Max Mhz: 3100, Current Mhz: 3100, Mhz Limit: 3100

Memory: 4k page, system-wide physical 8010M (397M free)
TotalPageFile size 32586M (AvailPageFile size 12M)
current process WorkingSet (physical memory assigned to process): 12M, peak: 12M
current process commit charge ("private bytes"): 70M, peak: 78M

vm_info: OpenJDK 64-Bit Server VM (17.0.12+7-LTS) for windows-amd64 JRE (17.0.12+7-LTS), built on Jul 16 2024 18:11:44 by "MicrosoftCorporation" with unknown MS VC++:1939

END.
