#
# There is insufficient memory for the Java Runtime Environment to continue.
# Native memory allocation (mmap) failed to map 394264576 bytes. Error detail: G1 virtual space
# Possible reasons:
#   The system is out of physical RAM or swap space
#   This process is running with CompressedOops enabled, and the Java Heap may be blocking the growth of the native heap
# Possible solutions:
#   Reduce memory load on the system
#   Increase physical memory or swap space
#   Check if swap backing store is full
#   Decrease Java heap size (-Xmx/-Xms)
#   Decrease number of Java threads
#   Decrease Java thread stack sizes (-Xss)
#   Set larger code cache with -XX:ReservedCodeCacheSize=
#   JVM is running with Unscaled Compressed Oops mode in which the Java heap is
#     placed in the first 4GB address space. The Java Heap base address is the
#     maximum limit for the native heap growth. Please use -XX:HeapBaseMinAddress
#     to set the Java Heap base and to place the Java Heap above 4GB virtual address.
# This output file may be truncated or incomplete.
#
#  Out of Memory Error (os_windows.cpp:3678), pid=36696, tid=35900
#
# JRE version: OpenJDK Runtime Environment Microsoft-9889599 (17.0.12+7) (build 17.0.12+7-LTS)
# Java VM: OpenJDK 64-Bit Server VM Microsoft-9889599 (17.0.12+7-LTS, mixed mode, sharing, tiered, compressed oops, compressed class ptrs, g1 gc, windows-amd64)
# No core dump will be written. Minidumps are not enabled by default on client versions of Windows
#

---------------  S U M M A R Y ------------

Command Line: com.xamarin.manifestmerger.Main obj\Debug\net8.0-android\android\manifestmerger.rsp

Host: AMD Ryzen 7 7435HS                             , 16 cores, 7G,  Windows 11 , 64 bit Build 26100 (10.0.26100.6725)
Time: Tue Nov 11 14:44:46 2025 Hora est. Pacífico, Sudamérica elapsed time: 4.934047 seconds (0d 0h 0m 4s)

---------------  T H R E A D  ---------------

Current thread (0x00000234955a50c0):  VMThread "VM Thread" [stack: 0x000000c8bef00000,0x000000c8bf000000] [id=35900]

Stack: [0x000000c8bef00000,0x000000c8bf000000]
Native frames: (J=compiled Java code, j=interpreted, Vv=VM code, C=native code)
V  [jvm.dll+0x686d99]
V  [jvm.dll+0x83daf8]
V  [jvm.dll+0x83f5a3]
V  [jvm.dll+0x83fc13]
V  [jvm.dll+0x2492ef]
V  [jvm.dll+0x683dd9]
V  [jvm.dll+0x6782fa]
V  [jvm.dll+0x30a797]
V  [jvm.dll+0x311d06]
V  [jvm.dll+0x36252e]
V  [jvm.dll+0x36276d]
V  [jvm.dll+0x2e1a9c]
V  [jvm.dll+0x2dfe49]
V  [jvm.dll+0x2df5ac]
V  [jvm.dll+0x322481]
V  [jvm.dll+0x84444d]
V  [jvm.dll+0x845183]
V  [jvm.dll+0x8456af]
V  [jvm.dll+0x845a94]
V  [jvm.dll+0x845b5e]
V  [jvm.dll+0x7ed87c]
V  [jvm.dll+0x685c77]
C  [ucrtbase.dll+0x37b0]
C  [KERNEL32.DLL+0x2e8d7]
C  [ntdll.dll+0x8c53c]

VM_Operation (0x000000c8be9fd2e0): G1TryInitiateConcMark, mode: safepoint, requested by thread 0x00000234f6794db0


---------------  P R O C E S S  ---------------

Threads class SMR info:
_java_thread_list=0x00000234db1e85c0, length=12, elements={
0x00000234f6794db0, 0x00000234955a9b70, 0x00000234955aa730, 0x00000234955bee10,
0x00000234955bf6e0, 0x00000234955c06b0, 0x00000234955c2080, 0x00000234955d0750,
0x00000234955e71a0, 0x00000234955f9280, 0x00000234957273f0, 0x000002349572dd70
}

Java Threads: ( => current thread )
  0x00000234f6794db0 JavaThread "main" [_thread_blocked, id=22688, stack(0x000000c8be900000,0x000000c8bea00000)]
  0x00000234955a9b70 JavaThread "Reference Handler" daemon [_thread_blocked, id=44000, stack(0x000000c8bf000000,0x000000c8bf100000)]
  0x00000234955aa730 JavaThread "Finalizer" daemon [_thread_blocked, id=35564, stack(0x000000c8bf100000,0x000000c8bf200000)]
  0x00000234955bee10 JavaThread "Signal Dispatcher" daemon [_thread_blocked, id=27360, stack(0x000000c8bf200000,0x000000c8bf300000)]
  0x00000234955bf6e0 JavaThread "Attach Listener" daemon [_thread_blocked, id=27024, stack(0x000000c8bf300000,0x000000c8bf400000)]
  0x00000234955c06b0 JavaThread "Service Thread" daemon [_thread_blocked, id=13432, stack(0x000000c8bf400000,0x000000c8bf500000)]
  0x00000234955c2080 JavaThread "Monitor Deflation Thread" daemon [_thread_blocked, id=37364, stack(0x000000c8bf500000,0x000000c8bf600000)]
  0x00000234955d0750 JavaThread "C2 CompilerThread0" daemon [_thread_blocked, id=39404, stack(0x000000c8bf600000,0x000000c8bf700000)]
  0x00000234955e71a0 JavaThread "C1 CompilerThread0" daemon [_thread_blocked, id=26272, stack(0x000000c8bf700000,0x000000c8bf800000)]
  0x00000234955f9280 JavaThread "Sweeper thread" daemon [_thread_blocked, id=37396, stack(0x000000c8bf800000,0x000000c8bf900000)]
  0x00000234957273f0 JavaThread "Notification Thread" daemon [_thread_blocked, id=33604, stack(0x000000c8bfa00000,0x000000c8bfb00000)]
  0x000002349572dd70 JavaThread "Common-Cleaner" daemon [_thread_blocked, id=33516, stack(0x000000c8bfc00000,0x000000c8bfd00000)]

Other Threads:
=>0x00000234955a50c0 VMThread "VM Thread" [stack: 0x000000c8bef00000,0x000000c8bf000000] [id=35900]
  0x000002349572c100 WatcherThread [stack: 0x000000c8bfb00000,0x000000c8bfc00000] [id=43396]
  0x00000234f67f4480 GCTaskThread "GC Thread#0" [stack: 0x000000c8bea00000,0x000000c8beb00000] [id=14520]
  0x0000023495a097b0 GCTaskThread "GC Thread#1" [stack: 0x000000c8bfd00000,0x000000c8bfe00000] [id=9060]
  0x0000023495a09a70 GCTaskThread "GC Thread#2" [stack: 0x000000c8bfe00000,0x000000c8bff00000] [id=496]
  0x00000234db2ae390 GCTaskThread "GC Thread#3" [stack: 0x000000c8c0400000,0x000000c8c0500000] [id=43816]
  0x00000234db4ca5b0 GCTaskThread "GC Thread#4" [stack: 0x000000c8c0500000,0x000000c8c0600000] [id=44904]
  0x00000234db3dd3f0 GCTaskThread "GC Thread#5" [stack: 0x000000c8c0800000,0x000000c8c0900000] [id=32908]
  0x00000234f6804fb0 ConcurrentGCThread "G1 Main Marker" [stack: 0x000000c8beb00000,0x000000c8bec00000] [id=44308]
  0x00000234f6806540 ConcurrentGCThread "G1 Conc#0" [stack: 0x000000c8bec00000,0x000000c8bed00000] [id=41192]
  0x000002349545efe0 ConcurrentGCThread "G1 Refine#0" [stack: 0x000000c8bed00000,0x000000c8bee00000] [id=40296]
  0x00000234958bdbe0 ConcurrentGCThread "G1 Refine#1" [stack: 0x000000c8bff00000,0x000000c8c0000000] [id=23660]
  0x00000234958bded0 ConcurrentGCThread "G1 Refine#2" [stack: 0x000000c8c0000000,0x000000c8c0100000] [id=33580]
  0x0000023495909400 ConcurrentGCThread "G1 Refine#3" [stack: 0x000000c8c0100000,0x000000c8c0200000] [id=39100]
  0x00000234959096f0 ConcurrentGCThread "G1 Refine#4" [stack: 0x000000c8c0200000,0x000000c8c0300000] [id=812]
  0x00000234959099e0 ConcurrentGCThread "G1 Refine#5" [stack: 0x000000c8c0300000,0x000000c8c0400000] [id=25392]
  0x00000234959b7b80 ConcurrentGCThread "G1 Refine#6" [stack: 0x000000c8c0600000,0x000000c8c0700000] [id=46236]
  0x00000234db30ae00 ConcurrentGCThread "G1 Refine#7" [stack: 0x000000c8c0700000,0x000000c8c0800000] [id=5020]
  0x00000234db1e4260 ConcurrentGCThread "G1 Refine#8" [stack: 0x000000c8bf900000,0x000000c8bfa00000] [id=45860]
  0x00000234954608c0 ConcurrentGCThread "G1 Service" [stack: 0x000000c8bee00000,0x000000c8bef00000] [id=1888]

Threads with active compile tasks:
C2 CompilerThread0     4998  726       4       java.util.jar.Attributes::clone (9 bytes)

VM state: at safepoint (normal execution)

VM Mutex/Monitor currently owned by a thread:  ([mutex/lock_event])
[0x00000234f44be4e0] Threads_lock - owner thread: 0x00000234955a50c0
[0x00000234f6792020] Heap_lock - owner thread: 0x00000234f6794db0

Heap address: 0x0000000082c00000, size: 2004 MB, Compressed Oops mode: 32-bit

CDS archive(s) mapped at: [0x0000023496000000-0x0000023496bb0000-0x0000023496bb0000), size 12255232, SharedBaseAddress: 0x0000023496000000, ArchiveRelocationMode: 1.
Compressed class space mapped at: 0x0000023497000000-0x00000234d7000000, reserved size: 1073741824
Narrow klass base: 0x0000023496000000, Narrow klass shift: 0, Narrow klass range: 0x100000000

GC Precious Log:
 CPUs: 16 total, 16 available
 Memory: 8010M
 Large Page Support: Disabled
 NUMA Support: Disabled
 Compressed Oops: Enabled (32-bit)
 Heap Region Size: 1M
 Heap Min Capacity: 8M
 Heap Initial Capacity: 126M
 Heap Max Capacity: 2004M
 Pre-touch: Disabled
 Parallel Workers: 13
 Concurrent Workers: 3
 Concurrent Refinement Workers: 13
 Periodic GC: Disabled

Heap:
 garbage-first heap   total 192512K, used 89643K [0x0000000082c00000, 0x0000000100000000)
  region size 1024K, 5 young (5120K), 5 survivors (5120K)
 Metaspace       used 4343K, committed 4480K, reserved 1114112K
  class space    used 439K, committed 512K, reserved 1048576K

Heap Regions: E=young(eden), S=young(survivor), O=old, HS=humongous(starts), HC=humongous(continues), CS=collection set, F=free, OA=open archive, CA=closed archive, TAMS=top-at-mark-start (previous, next)
|   0|0x0000000082c00000, 0x0000000082d00000, 0x0000000082d00000|100%|HS|  |TAMS 0x0000000082c00000, 0x0000000082d00000| Complete 
|   1|0x0000000082d00000, 0x0000000082e00000, 0x0000000082e00000|100%|HC|  |TAMS 0x0000000082d00000, 0x0000000082e00000| Complete 
|   2|0x0000000082e00000, 0x0000000082f00000, 0x0000000082f00000|100%|HC|  |TAMS 0x0000000082e00000, 0x0000000082f00000| Complete 
|   3|0x0000000082f00000, 0x0000000083000000, 0x0000000083000000|100%| O|  |TAMS 0x0000000082f00000, 0x0000000083000000| Untracked 
|   4|0x0000000083000000, 0x0000000083100000, 0x0000000083100000|100%| O|  |TAMS 0x0000000083000000, 0x0000000083100000| Untracked 
|   5|0x0000000083100000, 0x0000000083200000, 0x0000000083200000|100%| O|  |TAMS 0x0000000083100000, 0x0000000083200000| Untracked 
|   6|0x0000000083200000, 0x0000000083300000, 0x0000000083300000|100%|HS|  |TAMS 0x0000000083200000, 0x0000000083300000| Complete 
|   7|0x0000000083300000, 0x0000000083400000, 0x0000000083400000|100%|HC|  |TAMS 0x0000000083300000, 0x0000000083400000| Complete 
|   8|0x0000000083400000, 0x0000000083500000, 0x0000000083500000|100%|HC|  |TAMS 0x0000000083400000, 0x0000000083500000| Complete 
|   9|0x0000000083500000, 0x0000000083600000, 0x0000000083600000|100%| O|  |TAMS 0x0000000083500000, 0x0000000083600000| Untracked 
|  10|0x0000000083600000, 0x0000000083700000, 0x0000000083700000|100%| O|  |TAMS 0x0000000083600000, 0x0000000083700000| Untracked 
|  11|0x0000000083700000, 0x0000000083800000, 0x0000000083800000|100%| O|  |TAMS 0x0000000083700000, 0x0000000083800000| Untracked 
|  12|0x0000000083800000, 0x0000000083900000, 0x0000000083900000|100%|HS|  |TAMS 0x0000000083800000, 0x0000000083900000| Complete 
|  13|0x0000000083900000, 0x0000000083a00000, 0x0000000083a00000|100%|HC|  |TAMS 0x0000000083900000, 0x0000000083a00000| Complete 
|  14|0x0000000083a00000, 0x0000000083b00000, 0x0000000083b00000|100%|HC|  |TAMS 0x0000000083a00000, 0x0000000083b00000| Complete 
|  15|0x0000000083b00000, 0x0000000083c00000, 0x0000000083c00000|100%|HS|  |TAMS 0x0000000083b00000, 0x0000000083c00000| Complete 
|  16|0x0000000083c00000, 0x0000000083d00000, 0x0000000083d00000|100%|HC|  |TAMS 0x0000000083c00000, 0x0000000083d00000| Complete 
|  17|0x0000000083d00000, 0x0000000083e00000, 0x0000000083e00000|100%|HC|  |TAMS 0x0000000083d00000, 0x0000000083e00000| Complete 
|  18|0x0000000083e00000, 0x0000000083f00000, 0x0000000083f00000|100%| O|  |TAMS 0x0000000083e00000, 0x0000000083f00000| Untracked 
|  19|0x0000000083f00000, 0x0000000084000000, 0x0000000084000000|100%| O|  |TAMS 0x0000000083f00000, 0x0000000084000000| Untracked 
|  20|0x0000000084000000, 0x0000000084100000, 0x0000000084100000|100%| O|  |TAMS 0x0000000084000000, 0x0000000084100000| Untracked 
|  21|0x0000000084100000, 0x0000000084200000, 0x0000000084200000|100%| O|  |TAMS 0x0000000084100000, 0x0000000084200000| Untracked 
|  22|0x0000000084200000, 0x0000000084300000, 0x0000000084300000|100%| O|  |TAMS 0x0000000084200000, 0x0000000084300000| Untracked 
|  23|0x0000000084300000, 0x0000000084400000, 0x0000000084400000|100%| O|  |TAMS 0x0000000084300000, 0x0000000084400000| Untracked 
|  24|0x0000000084400000, 0x0000000084500000, 0x0000000084500000|100%| O|  |TAMS 0x0000000084400000, 0x0000000084500000| Untracked 
|  25|0x0000000084500000, 0x0000000084600000, 0x0000000084600000|100%| O|  |TAMS 0x0000000084500000, 0x0000000084600000| Untracked 
|  26|0x0000000084600000, 0x0000000084700000, 0x0000000084700000|100%| O|  |TAMS 0x0000000084600000, 0x0000000084700000| Untracked 
|  27|0x0000000084700000, 0x0000000084800000, 0x0000000084800000|100%| O|  |TAMS 0x0000000084700000, 0x0000000084800000| Untracked 
|  28|0x0000000084800000, 0x0000000084900000, 0x0000000084900000|100%| O|  |TAMS 0x0000000084800000, 0x0000000084900000| Untracked 
|  29|0x0000000084900000, 0x0000000084a00000, 0x0000000084a00000|100%| O|  |TAMS 0x0000000084900000, 0x0000000084a00000| Untracked 
|  30|0x0000000084a00000, 0x0000000084b00000, 0x0000000084b00000|100%| O|  |TAMS 0x0000000084a00000, 0x0000000084b00000| Untracked 
|  31|0x0000000084b00000, 0x0000000084c00000, 0x0000000084c00000|100%| O|  |TAMS 0x0000000084b00000, 0x0000000084c00000| Untracked 
|  32|0x0000000084c00000, 0x0000000084d00000, 0x0000000084d00000|100%| O|  |TAMS 0x0000000084c00000, 0x0000000084d00000| Untracked 
|  33|0x0000000084d00000, 0x0000000084e00000, 0x0000000084e00000|100%|HS|  |TAMS 0x0000000084d00000, 0x0000000084e00000| Complete 
|  34|0x0000000084e00000, 0x0000000084f00000, 0x0000000084f00000|100%|HC|  |TAMS 0x0000000084e00000, 0x0000000084f00000| Complete 
|  35|0x0000000084f00000, 0x0000000085000000, 0x0000000085000000|100%|HC|  |TAMS 0x0000000084f00000, 0x0000000085000000| Complete 
|  36|0x0000000085000000, 0x0000000085100000, 0x0000000085100000|100%| O|  |TAMS 0x0000000085000000, 0x0000000085100000| Untracked 
|  37|0x0000000085100000, 0x0000000085200000, 0x0000000085200000|100%| O|  |TAMS 0x0000000085100000, 0x0000000085200000| Untracked 
|  38|0x0000000085200000, 0x0000000085300000, 0x0000000085300000|100%| O|  |TAMS 0x0000000085200000, 0x0000000085300000| Untracked 
|  39|0x0000000085300000, 0x0000000085400000, 0x0000000085400000|100%| O|  |TAMS 0x0000000085300000, 0x0000000085400000| Untracked 
|  40|0x0000000085400000, 0x0000000085500000, 0x0000000085500000|100%| O|  |TAMS 0x0000000085400000, 0x0000000085500000| Untracked 
|  41|0x0000000085500000, 0x0000000085600000, 0x0000000085600000|100%| O|  |TAMS 0x0000000085500000, 0x0000000085600000| Untracked 
|  42|0x0000000085600000, 0x0000000085700000, 0x0000000085700000|100%| O|  |TAMS 0x0000000085600000, 0x0000000085700000| Untracked 
|  43|0x0000000085700000, 0x0000000085800000, 0x0000000085800000|100%|HS|  |TAMS 0x0000000085700000, 0x0000000085800000| Complete 
|  44|0x0000000085800000, 0x0000000085900000, 0x0000000085900000|100%|HC|  |TAMS 0x0000000085800000, 0x0000000085900000| Complete 
|  45|0x0000000085900000, 0x0000000085a00000, 0x0000000085a00000|100%|HC|  |TAMS 0x0000000085900000, 0x0000000085a00000| Complete 
|  46|0x0000000085a00000, 0x0000000085b00000, 0x0000000085b00000|100%|HS|  |TAMS 0x0000000085a00000, 0x0000000085b00000| Complete 
|  47|0x0000000085b00000, 0x0000000085c00000, 0x0000000085c00000|100%|HC|  |TAMS 0x0000000085b00000, 0x0000000085c00000| Complete 
|  48|0x0000000085c00000, 0x0000000085d00000, 0x0000000085d00000|100%|HC|  |TAMS 0x0000000085c00000, 0x0000000085d00000| Complete 
|  49|0x0000000085d00000, 0x0000000085e00000, 0x0000000085e00000|100%| O|  |TAMS 0x0000000085d00000, 0x0000000085e00000| Untracked 
|  50|0x0000000085e00000, 0x0000000085f00000, 0x0000000085f00000|100%| O|  |TAMS 0x0000000085e00000, 0x0000000085f00000| Untracked 
|  51|0x0000000085f00000, 0x0000000086000000, 0x0000000086000000|100%| O|  |TAMS 0x0000000085f00000, 0x0000000086000000| Untracked 
|  52|0x0000000086000000, 0x0000000086100000, 0x0000000086100000|100%| O|  |TAMS 0x0000000086000000, 0x0000000086100000| Untracked 
|  53|0x0000000086100000, 0x0000000086200000, 0x0000000086200000|100%| O|  |TAMS 0x0000000086100000, 0x0000000086200000| Untracked 
|  54|0x0000000086200000, 0x0000000086300000, 0x0000000086300000|100%| O|  |TAMS 0x0000000086200000, 0x0000000086300000| Untracked 
|  55|0x0000000086300000, 0x0000000086400000, 0x0000000086400000|100%| O|  |TAMS 0x0000000086300000, 0x0000000086400000| Untracked 
|  56|0x0000000086400000, 0x0000000086500000, 0x0000000086500000|100%| O|  |TAMS 0x0000000086400000, 0x0000000086500000| Untracked 
|  57|0x0000000086500000, 0x0000000086600000, 0x0000000086600000|100%| O|  |TAMS 0x0000000086500000, 0x0000000086600000| Untracked 
|  58|0x0000000086600000, 0x0000000086700000, 0x0000000086700000|100%| O|  |TAMS 0x0000000086600000, 0x0000000086700000| Untracked 
|  59|0x0000000086700000, 0x0000000086800000, 0x0000000086800000|100%| O|  |TAMS 0x0000000086700000, 0x0000000086800000| Untracked 
|  60|0x0000000086800000, 0x0000000086900000, 0x0000000086900000|100%| O|  |TAMS 0x0000000086800000, 0x0000000086900000| Untracked 
|  61|0x0000000086900000, 0x0000000086a00000, 0x0000000086a00000|100%| O|  |TAMS 0x0000000086900000, 0x0000000086a00000| Untracked 
|  62|0x0000000086a00000, 0x0000000086b00000, 0x0000000086b00000|100%| O|  |TAMS 0x0000000086a00000, 0x0000000086b00000| Untracked 
|  63|0x0000000086b00000, 0x0000000086c00000, 0x0000000086c00000|100%| O|  |TAMS 0x0000000086b00000, 0x0000000086c00000| Untracked 
|  64|0x0000000086c00000, 0x0000000086d00000, 0x0000000086d00000|100%| O|  |TAMS 0x0000000086c00000, 0x0000000086d00000| Untracked 
|  65|0x0000000086d00000, 0x0000000086e00000, 0x0000000086e00000|100%|HS|  |TAMS 0x0000000086d00000, 0x0000000086e00000| Complete 
|  66|0x0000000086e00000, 0x0000000086f00000, 0x0000000086f00000|100%|HC|  |TAMS 0x0000000086e00000, 0x0000000086f00000| Complete 
|  67|0x0000000086f00000, 0x0000000087000000, 0x0000000087000000|100%|HC|  |TAMS 0x0000000086f00000, 0x0000000087000000| Complete 
|  68|0x0000000087000000, 0x0000000087100000, 0x0000000087100000|100%| O|  |TAMS 0x0000000087000000, 0x0000000087100000| Untracked 
|  69|0x0000000087100000, 0x0000000087200000, 0x0000000087200000|100%| O|  |TAMS 0x0000000087100000, 0x0000000087200000| Untracked 
|  70|0x0000000087200000, 0x0000000087200000, 0x0000000087300000|  0%| F|  |TAMS 0x0000000087200000, 0x0000000087200000| Untracked 
|  71|0x0000000087300000, 0x0000000087300000, 0x0000000087400000|  0%| F|  |TAMS 0x0000000087300000, 0x0000000087300000| Untracked 
|  72|0x0000000087400000, 0x0000000087400000, 0x0000000087500000|  0%| F|  |TAMS 0x0000000087400000, 0x0000000087400000| Untracked 
|  73|0x0000000087500000, 0x0000000087600000, 0x0000000087600000|100%|HS|  |TAMS 0x0000000087500000, 0x0000000087600000| Complete 
|  74|0x0000000087600000, 0x0000000087700000, 0x0000000087700000|100%|HC|  |TAMS 0x0000000087600000, 0x0000000087700000| Complete 
|  75|0x0000000087700000, 0x0000000087800000, 0x0000000087800000|100%|HC|  |TAMS 0x0000000087700000, 0x0000000087800000| Complete 
|  76|0x0000000087800000, 0x0000000087900000, 0x0000000087900000|100%|HS|  |TAMS 0x0000000087800000, 0x0000000087900000| Complete 
|  77|0x0000000087900000, 0x0000000087a00000, 0x0000000087a00000|100%|HC|  |TAMS 0x0000000087900000, 0x0000000087a00000| Complete 
|  78|0x0000000087a00000, 0x0000000087b00000, 0x0000000087b00000|100%|HC|  |TAMS 0x0000000087a00000, 0x0000000087b00000| Complete 
|  79|0x0000000087b00000, 0x0000000087c00000, 0x0000000087c00000|100%| O|  |TAMS 0x0000000087b00000, 0x0000000087c00000| Untracked 
|  80|0x0000000087c00000, 0x0000000087d00000, 0x0000000087d00000|100%| O|  |TAMS 0x0000000087c00000, 0x0000000087d00000| Untracked 
|  81|0x0000000087d00000, 0x0000000087e00000, 0x0000000087e00000|100%| O|  |TAMS 0x0000000087d00000, 0x0000000087e00000| Untracked 
|  82|0x0000000087e00000, 0x0000000087f00000, 0x0000000087f00000|100%| O|  |TAMS 0x0000000087e00000, 0x0000000087efa200| Untracked 
|  83|0x0000000087f00000, 0x0000000088000000, 0x0000000088000000|100%| O|  |TAMS 0x0000000087f00000, 0x0000000087f00000| Untracked 
|  84|0x0000000088000000, 0x0000000088100000, 0x0000000088100000|100%| O|  |TAMS 0x0000000088000000, 0x0000000088000000| Untracked 
|  85|0x0000000088100000, 0x000000008818ae00, 0x0000000088200000| 54%| O|  |TAMS 0x0000000088100000, 0x0000000088100000| Untracked 
|  86|0x0000000088200000, 0x0000000088200000, 0x0000000088300000|  0%| F|  |TAMS 0x0000000088200000, 0x0000000088200000| Untracked 
|  87|0x0000000088300000, 0x0000000088300000, 0x0000000088400000|  0%| F|  |TAMS 0x0000000088300000, 0x0000000088300000| Untracked 
|  88|0x0000000088400000, 0x0000000088400000, 0x0000000088500000|  0%| F|  |TAMS 0x0000000088400000, 0x0000000088400000| Untracked 
|  89|0x0000000088500000, 0x0000000088500000, 0x0000000088600000|  0%| F|  |TAMS 0x0000000088500000, 0x0000000088500000| Untracked 
|  90|0x0000000088600000, 0x0000000088600000, 0x0000000088700000|  0%| F|  |TAMS 0x0000000088600000, 0x0000000088600000| Untracked 
|  91|0x0000000088700000, 0x0000000088700000, 0x0000000088800000|  0%| F|  |TAMS 0x0000000088700000, 0x0000000088700000| Untracked 
|  92|0x0000000088800000, 0x0000000088800000, 0x0000000088900000|  0%| F|  |TAMS 0x0000000088800000, 0x0000000088800000| Untracked 
|  93|0x0000000088900000, 0x0000000088900000, 0x0000000088a00000|  0%| F|  |TAMS 0x0000000088900000, 0x0000000088900000| Untracked 
|  94|0x0000000088a00000, 0x0000000088a00000, 0x0000000088b00000|  0%| F|  |TAMS 0x0000000088a00000, 0x0000000088a00000| Untracked 
|  95|0x0000000088b00000, 0x0000000088b00000, 0x0000000088c00000|  0%| F|  |TAMS 0x0000000088b00000, 0x0000000088b00000| Untracked 
|  96|0x0000000088c00000, 0x0000000088c00000, 0x0000000088d00000|  0%| F|  |TAMS 0x0000000088c00000, 0x0000000088c00000| Untracked 
|  97|0x0000000088d00000, 0x0000000088d00000, 0x0000000088e00000|  0%| F|  |TAMS 0x0000000088d00000, 0x0000000088d00000| Untracked 
|  98|0x0000000088e00000, 0x0000000088e00000, 0x0000000088f00000|  0%| F|  |TAMS 0x0000000088e00000, 0x0000000088e00000| Untracked 
|  99|0x0000000088f00000, 0x0000000088f00000, 0x0000000089000000|  0%| F|  |TAMS 0x0000000088f00000, 0x0000000088f00000| Untracked 
| 100|0x0000000089000000, 0x0000000089000000, 0x0000000089100000|  0%| F|  |TAMS 0x0000000089000000, 0x0000000089000000| Untracked 
| 101|0x0000000089100000, 0x0000000089100000, 0x0000000089200000|  0%| F|  |TAMS 0x0000000089100000, 0x0000000089100000| Untracked 
| 102|0x0000000089200000, 0x0000000089200000, 0x0000000089300000|  0%| F|  |TAMS 0x0000000089200000, 0x0000000089200000| Untracked 
| 103|0x0000000089300000, 0x0000000089300000, 0x0000000089400000|  0%| F|  |TAMS 0x0000000089300000, 0x0000000089300000| Untracked 
| 104|0x0000000089400000, 0x0000000089400000, 0x0000000089500000|  0%| F|  |TAMS 0x0000000089400000, 0x0000000089400000| Untracked 
| 105|0x0000000089500000, 0x0000000089500000, 0x0000000089600000|  0%| F|  |TAMS 0x0000000089500000, 0x0000000089500000| Untracked 
| 106|0x0000000089600000, 0x0000000089600000, 0x0000000089700000|  0%| F|  |TAMS 0x0000000089600000, 0x0000000089600000| Untracked 
| 107|0x0000000089700000, 0x0000000089700000, 0x0000000089800000|  0%| F|  |TAMS 0x0000000089700000, 0x0000000089700000| Untracked 
| 108|0x0000000089800000, 0x0000000089800000, 0x0000000089900000|  0%| F|  |TAMS 0x0000000089800000, 0x0000000089800000| Untracked 
| 109|0x0000000089900000, 0x0000000089900000, 0x0000000089a00000|  0%| F|  |TAMS 0x0000000089900000, 0x0000000089900000| Untracked 
| 110|0x0000000089a00000, 0x0000000089a00000, 0x0000000089b00000|  0%| F|  |TAMS 0x0000000089a00000, 0x0000000089a00000| Untracked 
| 111|0x0000000089b00000, 0x0000000089b00000, 0x0000000089c00000|  0%| F|  |TAMS 0x0000000089b00000, 0x0000000089b00000| Untracked 
| 112|0x0000000089c00000, 0x0000000089c00000, 0x0000000089d00000|  0%| F|  |TAMS 0x0000000089c00000, 0x0000000089c00000| Untracked 
| 113|0x0000000089d00000, 0x0000000089d00000, 0x0000000089e00000|  0%| F|  |TAMS 0x0000000089d00000, 0x0000000089d00000| Untracked 
| 114|0x0000000089e00000, 0x0000000089e00000, 0x0000000089f00000|  0%| F|  |TAMS 0x0000000089e00000, 0x0000000089e00000| Untracked 
| 115|0x0000000089f00000, 0x0000000089f00000, 0x000000008a000000|  0%| F|  |TAMS 0x0000000089f00000, 0x0000000089f00000| Untracked 
| 116|0x000000008a000000, 0x000000008a000000, 0x000000008a100000|  0%| F|  |TAMS 0x000000008a000000, 0x000000008a000000| Untracked 
| 117|0x000000008a100000, 0x000000008a100000, 0x000000008a200000|  0%| F|  |TAMS 0x000000008a100000, 0x000000008a100000| Untracked 
| 118|0x000000008a200000, 0x000000008a200000, 0x000000008a300000|  0%| F|  |TAMS 0x000000008a200000, 0x000000008a200000| Untracked 
| 119|0x000000008a300000, 0x000000008a300000, 0x000000008a400000|  0%| F|  |TAMS 0x000000008a300000, 0x000000008a300000| Untracked 
| 120|0x000000008a400000, 0x000000008a400000, 0x000000008a500000|  0%| F|  |TAMS 0x000000008a400000, 0x000000008a400000| Untracked 
| 121|0x000000008a500000, 0x000000008a500000, 0x000000008a600000|  0%| F|  |TAMS 0x000000008a500000, 0x000000008a500000| Untracked 
| 122|0x000000008a600000, 0x000000008a600000, 0x000000008a700000|  0%| F|  |TAMS 0x000000008a600000, 0x000000008a600000| Untracked 
| 123|0x000000008a700000, 0x000000008a700000, 0x000000008a800000|  0%| F|  |TAMS 0x000000008a700000, 0x000000008a700000| Untracked 
| 124|0x000000008a800000, 0x000000008a800000, 0x000000008a900000|  0%| F|  |TAMS 0x000000008a800000, 0x000000008a800000| Untracked 
| 125|0x000000008a900000, 0x000000008a900000, 0x000000008aa00000|  0%| F|  |TAMS 0x000000008a900000, 0x000000008a900000| Untracked 
| 126|0x000000008aa00000, 0x000000008aa00000, 0x000000008ab00000|  0%| F|  |TAMS 0x000000008aa00000, 0x000000008aa00000| Untracked 
| 127|0x000000008ab00000, 0x000000008ab00000, 0x000000008ac00000|  0%| F|  |TAMS 0x000000008ab00000, 0x000000008ab00000| Untracked 
| 128|0x000000008ac00000, 0x000000008ac00000, 0x000000008ad00000|  0%| F|  |TAMS 0x000000008ac00000, 0x000000008ac00000| Untracked 
| 129|0x000000008ad00000, 0x000000008ad00000, 0x000000008ae00000|  0%| F|  |TAMS 0x000000008ad00000, 0x000000008ad00000| Untracked 
| 130|0x000000008ae00000, 0x000000008ae00000, 0x000000008af00000|  0%| F|  |TAMS 0x000000008ae00000, 0x000000008ae00000| Untracked 
| 131|0x000000008af00000, 0x000000008af00000, 0x000000008b000000|  0%| F|  |TAMS 0x000000008af00000, 0x000000008af00000| Untracked 
| 132|0x000000008b000000, 0x000000008b000000, 0x000000008b100000|  0%| F|  |TAMS 0x000000008b000000, 0x000000008b000000| Untracked 
| 133|0x000000008b100000, 0x000000008b100000, 0x000000008b200000|  0%| F|  |TAMS 0x000000008b100000, 0x000000008b100000| Untracked 
| 134|0x000000008b200000, 0x000000008b200000, 0x000000008b300000|  0%| F|  |TAMS 0x000000008b200000, 0x000000008b200000| Untracked 
| 135|0x000000008b300000, 0x000000008b300000, 0x000000008b400000|  0%| F|  |TAMS 0x000000008b300000, 0x000000008b300000| Untracked 
| 136|0x000000008b400000, 0x000000008b400000, 0x000000008b500000|  0%| F|  |TAMS 0x000000008b400000, 0x000000008b400000| Untracked 
| 137|0x000000008b500000, 0x000000008b500000, 0x000000008b600000|  0%| F|  |TAMS 0x000000008b500000, 0x000000008b500000| Untracked 
| 138|0x000000008b600000, 0x000000008b600000, 0x000000008b700000|  0%| F|  |TAMS 0x000000008b600000, 0x000000008b600000| Untracked 
| 139|0x000000008b700000, 0x000000008b700000, 0x000000008b800000|  0%| F|  |TAMS 0x000000008b700000, 0x000000008b700000| Untracked 
| 140|0x000000008b800000, 0x000000008b800000, 0x000000008b900000|  0%| F|  |TAMS 0x000000008b800000, 0x000000008b800000| Untracked 
| 141|0x000000008b900000, 0x000000008b900000, 0x000000008ba00000|  0%| F|  |TAMS 0x000000008b900000, 0x000000008b900000| Untracked 
| 142|0x000000008ba00000, 0x000000008ba00000, 0x000000008bb00000|  0%| F|  |TAMS 0x000000008ba00000, 0x000000008ba00000| Untracked 
| 143|0x000000008bb00000, 0x000000008bb00000, 0x000000008bc00000|  0%| F|  |TAMS 0x000000008bb00000, 0x000000008bb00000| Untracked 
| 144|0x000000008bc00000, 0x000000008bc00000, 0x000000008bd00000|  0%| F|  |TAMS 0x000000008bc00000, 0x000000008bc00000| Untracked 
| 145|0x000000008bd00000, 0x000000008bd00000, 0x000000008be00000|  0%| F|  |TAMS 0x000000008bd00000, 0x000000008bd00000| Untracked 
| 146|0x000000008be00000, 0x000000008be00000, 0x000000008bf00000|  0%| F|  |TAMS 0x000000008be00000, 0x000000008be00000| Untracked 
| 147|0x000000008bf00000, 0x000000008bf00000, 0x000000008c000000|  0%| F|  |TAMS 0x000000008bf00000, 0x000000008bf00000| Untracked 
| 148|0x000000008c000000, 0x000000008c000000, 0x000000008c100000|  0%| F|  |TAMS 0x000000008c000000, 0x000000008c000000| Untracked 
| 149|0x000000008c100000, 0x000000008c100000, 0x000000008c200000|  0%| F|  |TAMS 0x000000008c100000, 0x000000008c100000| Untracked 
| 150|0x000000008c200000, 0x000000008c200000, 0x000000008c300000|  0%| F|  |TAMS 0x000000008c200000, 0x000000008c200000| Untracked 
| 151|0x000000008c300000, 0x000000008c300000, 0x000000008c400000|  0%| F|  |TAMS 0x000000008c300000, 0x000000008c300000| Untracked 
| 152|0x000000008c400000, 0x000000008c500000, 0x000000008c500000|100%| S|CS|TAMS 0x000000008c400000, 0x000000008c400000| Complete 
| 153|0x000000008c500000, 0x000000008c600000, 0x000000008c600000|100%| S|CS|TAMS 0x000000008c500000, 0x000000008c500000| Complete 
| 154|0x000000008c600000, 0x000000008c700000, 0x000000008c700000|100%| S|CS|TAMS 0x000000008c600000, 0x000000008c600000| Complete 
| 155|0x000000008c700000, 0x000000008c800000, 0x000000008c800000|100%| S|CS|TAMS 0x000000008c700000, 0x000000008c700000| Complete 
| 156|0x000000008c800000, 0x000000008c900000, 0x000000008c900000|100%| S|CS|TAMS 0x000000008c800000, 0x000000008c800000| Complete 
| 157|0x000000008c900000, 0x000000008c900000, 0x000000008ca00000|  0%| F|  |TAMS 0x000000008c900000, 0x000000008c900000| Untracked 
| 158|0x000000008ca00000, 0x000000008ca00000, 0x000000008cb00000|  0%| F|  |TAMS 0x000000008ca00000, 0x000000008ca00000| Untracked 
| 159|0x000000008cb00000, 0x000000008cb00000, 0x000000008cc00000|  0%| F|  |TAMS 0x000000008cb00000, 0x000000008cb00000| Untracked 
| 160|0x000000008cc00000, 0x000000008cc00000, 0x000000008cd00000|  0%| F|  |TAMS 0x000000008cc00000, 0x000000008cc00000| Untracked 
| 161|0x000000008cd00000, 0x000000008cd00000, 0x000000008ce00000|  0%| F|  |TAMS 0x000000008cd00000, 0x000000008cd00000| Untracked 
| 162|0x000000008ce00000, 0x000000008ce00000, 0x000000008cf00000|  0%| F|  |TAMS 0x000000008ce00000, 0x000000008ce00000| Untracked 
| 163|0x000000008cf00000, 0x000000008cf00000, 0x000000008d000000|  0%| F|  |TAMS 0x000000008cf00000, 0x000000008cf00000| Untracked 
| 164|0x000000008d000000, 0x000000008d000000, 0x000000008d100000|  0%| F|  |TAMS 0x000000008d000000, 0x000000008d000000| Untracked 
| 165|0x000000008d100000, 0x000000008d100000, 0x000000008d200000|  0%| F|  |TAMS 0x000000008d100000, 0x000000008d100000| Untracked 
| 166|0x000000008d200000, 0x000000008d200000, 0x000000008d300000|  0%| F|  |TAMS 0x000000008d200000, 0x000000008d200000| Untracked 
| 167|0x000000008d300000, 0x000000008d300000, 0x000000008d400000|  0%| F|  |TAMS 0x000000008d300000, 0x000000008d300000| Untracked 
| 168|0x000000008d400000, 0x000000008d400000, 0x000000008d500000|  0%| F|  |TAMS 0x000000008d400000, 0x000000008d400000| Untracked 
| 169|0x000000008d500000, 0x000000008d500000, 0x000000008d600000|  0%| F|  |TAMS 0x000000008d500000, 0x000000008d500000| Untracked 
| 170|0x000000008d600000, 0x000000008d600000, 0x000000008d700000|  0%| F|  |TAMS 0x000000008d600000, 0x000000008d600000| Untracked 
| 171|0x000000008d700000, 0x000000008d700000, 0x000000008d800000|  0%| F|  |TAMS 0x000000008d700000, 0x000000008d700000| Untracked 
| 172|0x000000008d800000, 0x000000008d800000, 0x000000008d900000|  0%| F|  |TAMS 0x000000008d800000, 0x000000008d800000| Untracked 
| 173|0x000000008d900000, 0x000000008d900000, 0x000000008da00000|  0%| F|  |TAMS 0x000000008d900000, 0x000000008d900000| Untracked 
| 174|0x000000008da00000, 0x000000008da00000, 0x000000008db00000|  0%| F|  |TAMS 0x000000008da00000, 0x000000008da00000| Untracked 
| 175|0x000000008db00000, 0x000000008db00000, 0x000000008dc00000|  0%| F|  |TAMS 0x000000008db00000, 0x000000008db00000| Untracked 
| 176|0x000000008dc00000, 0x000000008dc00000, 0x000000008dd00000|  0%| F|  |TAMS 0x000000008dc00000, 0x000000008dc00000| Untracked 
| 177|0x000000008dd00000, 0x000000008dd00000, 0x000000008de00000|  0%| F|  |TAMS 0x000000008dd00000, 0x000000008dd00000| Untracked 
| 178|0x000000008de00000, 0x000000008de00000, 0x000000008df00000|  0%| F|  |TAMS 0x000000008de00000, 0x000000008de00000| Untracked 
| 179|0x000000008df00000, 0x000000008df00000, 0x000000008e000000|  0%| F|  |TAMS 0x000000008df00000, 0x000000008df00000| Untracked 
| 180|0x000000008e000000, 0x000000008e000000, 0x000000008e100000|  0%| F|  |TAMS 0x000000008e000000, 0x000000008e000000| Untracked 
| 181|0x000000008e100000, 0x000000008e100000, 0x000000008e200000|  0%| F|  |TAMS 0x000000008e100000, 0x000000008e100000| Untracked 
| 182|0x000000008e200000, 0x000000008e200000, 0x000000008e300000|  0%| F|  |TAMS 0x000000008e200000, 0x000000008e200000| Untracked 
| 183|0x000000008e300000, 0x000000008e300000, 0x000000008e400000|  0%| F|  |TAMS 0x000000008e300000, 0x000000008e300000| Untracked 
| 184|0x000000008e400000, 0x000000008e400000, 0x000000008e500000|  0%| F|  |TAMS 0x000000008e400000, 0x000000008e400000| Untracked 
| 185|0x000000008e500000, 0x000000008e500000, 0x000000008e600000|  0%| F|  |TAMS 0x000000008e500000, 0x000000008e500000| Untracked 
| 186|0x000000008e600000, 0x000000008e600000, 0x000000008e700000|  0%| F|  |TAMS 0x000000008e600000, 0x000000008e600000| Untracked 
| 187|0x000000008e700000, 0x000000008e700000, 0x000000008e800000|  0%| F|  |TAMS 0x000000008e700000, 0x000000008e700000| Untracked 

Card table byte_map: [0x00000234fef30000,0x00000234ff320000] _byte_map_base: 0x00000234feb1a000

Marking Bits (Prev, Next): (CMBitMap*) 0x00000234f67f4aa0, (CMBitMap*) 0x00000234f67f4ae0
 Prev Bits: [0x000002348f000000, 0x0000023490f50000)
 Next Bits: [0x0000023490f50000, 0x0000023492ea0000)

Polling page: 0x00000234f43a0000

Metaspace:

Usage:
  Non-class:      3.81 MB used.
      Class:    439.02 KB used.
       Both:      4.24 MB used.

Virtual space:
  Non-class space:       64.00 MB reserved,       3.88 MB (  6%) committed,  1 nodes.
      Class space:        1.00 GB reserved,     512.00 KB ( <1%) committed,  1 nodes.
             Both:        1.06 GB reserved,       4.38 MB ( <1%) committed. 

Chunk freelists:
   Non-Class:  10.88 MB
       Class:  15.45 MB
        Both:  26.33 MB

MaxMetaspaceSize: unlimited
CompressedClassSpaceSize: 1.00 GB
Initial GC threshold: 21.00 MB
Current GC threshold: 21.00 MB
CDS: on
MetaspaceReclaimPolicy: balanced
 - commit_granule_bytes: 65536.
 - commit_granule_words: 8192.
 - virtual_space_node_default_size: 8388608.
 - enlarge_chunks_in_place: 1.
 - new_chunks_are_fully_committed: 0.
 - uncommit_free_chunks: 1.
 - use_allocation_guard: 0.
 - handle_deallocations: 1.


Internal statistics:

num_allocs_failed_limit: 0.
num_arena_births: 34.
num_arena_deaths: 0.
num_vsnodes_births: 2.
num_vsnodes_deaths: 0.
num_space_committed: 70.
num_space_uncommitted: 0.
num_chunks_returned_to_freelist: 0.
num_chunks_taken_from_freelist: 95.
num_chunk_merges: 0.
num_chunk_splits: 68.
num_chunks_enlarged: 51.
num_inconsistent_stats: 0.

CodeHeap 'non-profiled nmethods': size=119168Kb used=558Kb max_used=558Kb free=118609Kb
 bounds [0x0000023487ba0000, 0x0000023487e10000, 0x000002348f000000]
CodeHeap 'profiled nmethods': size=119104Kb used=1574Kb max_used=1574Kb free=117530Kb
 bounds [0x0000023480000000, 0x0000023480270000, 0x0000023487450000]
CodeHeap 'non-nmethods': size=7488Kb used=1145Kb max_used=1730Kb free=6342Kb
 bounds [0x0000023487450000, 0x00000234876c0000, 0x0000023487ba0000]
 total_blobs=1347 nmethods=914 adapters=346
 compilation: enabled
              stopped_count=0, restarted_count=0
 full_count=0

Compilation events (20 events):
Event: 2.870 Thread 0x00000234955e71a0  912       3       sun.security.jca.GetInstance$Instance::<init> (15 bytes)
Event: 2.870 Thread 0x00000234955e71a0 nmethod 912 0x0000023480184c90 code [0x0000023480184e40, 0x0000023480185058]
Event: 2.870 Thread 0x00000234955e71a0  913       3       java.util.ArrayDeque::pollFirst (36 bytes)
Event: 2.870 Thread 0x00000234955e71a0 nmethod 913 0x0000023480185110 code [0x00000234801852c0, 0x00000234801856d8]
Event: 2.870 Thread 0x00000234955e71a0  914       3       java.util.ArrayList::indexOfRange (71 bytes)
Event: 2.871 Thread 0x00000234955e71a0 nmethod 914 0x0000023480185890 code [0x0000023480185a60, 0x0000023480185f28]
Event: 2.871 Thread 0x00000234955e71a0  915       3       java.util.ArrayList::contains (14 bytes)
Event: 2.871 Thread 0x00000234955e71a0 nmethod 915 0x0000023480186110 code [0x00000234801862c0, 0x00000234801864e8]
Event: 2.871 Thread 0x00000234955e71a0  916       3       java.util.ArrayList::indexOf (11 bytes)
Event: 2.871 Thread 0x00000234955e71a0 nmethod 916 0x0000023480186610 code [0x00000234801867c0, 0x0000023480186908]
Event: 2.871 Thread 0x00000234955e71a0  917       3       java.nio.Buffer::hasRemaining (17 bytes)
Event: 2.871 Thread 0x00000234955e71a0 nmethod 917 0x0000023480186990 code [0x0000023480186b20, 0x0000023480186c98]
Event: 2.871 Thread 0x00000234955e71a0  918   !   3       java.util.zip.ZipFile$Source::getEntryPos (195 bytes)
Event: 2.873 Thread 0x00000234955e71a0 nmethod 918 0x0000023480186d10 code [0x0000023480187020, 0x0000023480188198]
Event: 2.873 Thread 0x00000234955e71a0  919       3       java.util.zip.ZipCoder::hash (36 bytes)
Event: 2.874 Thread 0x00000234955e71a0 nmethod 919 0x0000023480188c10 code [0x0000023480188e20, 0x0000023480189548]
Event: 2.897 Thread 0x00000234955d0750 nmethod 787 0x0000023487c26610 code [0x0000023487c26920, 0x0000023487c296a0]
Event: 2.897 Thread 0x00000234955d0750  812       4       java.util.zip.ZipUtils::CENEXT (9 bytes)
Event: 2.898 Thread 0x00000234955d0750 nmethod 812 0x0000023487c2b590 code [0x0000023487c2b700, 0x0000023487c2b7b8]
Event: 2.898 Thread 0x00000234955d0750  726       4       java.util.jar.Attributes::clone (9 bytes)

GC Heap History (17 events):
Event: 0.623 GC heap before
{Heap before GC invocations=0 (full 0):
 garbage-first heap   total 129024K, used 41984K [0x0000000082c00000, 0x0000000100000000)
  region size 1024K, 23 young (23552K), 0 survivors (0K)
 Metaspace       used 322K, committed 512K, reserved 1114112K
  class space    used 11K, committed 128K, reserved 1048576K
}
Event: 0.637 GC heap after
{Heap after GC invocations=1 (full 0):
 garbage-first heap   total 129024K, used 21104K [0x0000000082c00000, 0x0000000100000000)
  region size 1024K, 3 young (3072K), 3 survivors (3072K)
 Metaspace       used 322K, committed 512K, reserved 1114112K
  class space    used 11K, committed 128K, reserved 1048576K
}
Event: 0.911 GC heap before
{Heap before GC invocations=1 (full 0):
 garbage-first heap   total 129024K, used 43632K [0x0000000082c00000, 0x0000000100000000)
  region size 1024K, 25 young (25600K), 3 survivors (3072K)
 Metaspace       used 1591K, committed 1792K, reserved 1114112K
  class space    used 141K, committed 256K, reserved 1048576K
}
Event: 0.929 GC heap after
{Heap after GC invocations=2 (full 0):
 garbage-first heap   total 129024K, used 34816K [0x0000000082c00000, 0x0000000100000000)
  region size 1024K, 4 young (4096K), 4 survivors (4096K)
 Metaspace       used 1591K, committed 1792K, reserved 1114112K
  class space    used 141K, committed 256K, reserved 1048576K
}
Event: 1.611 GC heap before
{Heap before GC invocations=2 (full 0):
 garbage-first heap   total 129024K, used 59392K [0x0000000082c00000, 0x0000000100000000)
  region size 1024K, 23 young (23552K), 4 survivors (4096K)
 Metaspace       used 3256K, committed 3392K, reserved 1114112K
  class space    used 319K, committed 384K, reserved 1048576K
}
Event: 1.625 GC heap after
{Heap after GC invocations=3 (full 0):
 garbage-first heap   total 129024K, used 44032K [0x0000000082c00000, 0x0000000100000000)
  region size 1024K, 3 young (3072K), 3 survivors (3072K)
 Metaspace       used 3256K, committed 3392K, reserved 1114112K
  class space    used 319K, committed 384K, reserved 1048576K
}
Event: 1.906 GC heap before
{Heap before GC invocations=3 (full 0):
 garbage-first heap   total 129024K, used 83968K [0x0000000082c00000, 0x0000000100000000)
  region size 1024K, 33 young (33792K), 3 survivors (3072K)
 Metaspace       used 3320K, committed 3520K, reserved 1114112K
  class space    used 326K, committed 448K, reserved 1048576K
}
Event: 1.933 GC heap after
{Heap after GC invocations=4 (full 0):
 garbage-first heap   total 129024K, used 65008K [0x0000000082c00000, 0x0000000100000000)
  region size 1024K, 5 young (5120K), 5 survivors (5120K)
 Metaspace       used 3320K, committed 3520K, reserved 1114112K
  class space    used 326K, committed 448K, reserved 1048576K
}
Event: 2.055 GC heap before
{Heap before GC invocations=4 (full 0):
 garbage-first heap   total 129024K, used 74224K [0x0000000082c00000, 0x0000000100000000)
  region size 1024K, 15 young (15360K), 5 survivors (5120K)
 Metaspace       used 3364K, committed 3520K, reserved 1114112K
  class space    used 331K, committed 448K, reserved 1048576K
}
Event: 2.565 GC heap after
{Heap after GC invocations=5 (full 0):
 garbage-first heap   total 192512K, used 66560K [0x0000000082c00000, 0x0000000100000000)
  region size 1024K, 4 young (4096K), 4 survivors (4096K)
 Metaspace       used 3364K, committed 3520K, reserved 1114112K
  class space    used 331K, committed 448K, reserved 1048576K
}
Event: 2.607 GC heap before
{Heap before GC invocations=5 (full 0):
 garbage-first heap   total 192512K, used 76800K [0x0000000082c00000, 0x0000000100000000)
  region size 1024K, 9 young (9216K), 4 survivors (4096K)
 Metaspace       used 3364K, committed 3520K, reserved 1114112K
  class space    used 331K, committed 448K, reserved 1048576K
}
Event: 2.611 GC heap after
{Heap after GC invocations=6 (full 0):
 garbage-first heap   total 192512K, used 69247K [0x0000000082c00000, 0x0000000100000000)
  region size 1024K, 2 young (2048K), 2 survivors (2048K)
 Metaspace       used 3364K, committed 3520K, reserved 1114112K
  class space    used 331K, committed 448K, reserved 1048576K
}
Event: 2.617 GC heap before
{Heap before GC invocations=6 (full 0):
 garbage-first heap   total 192512K, used 76415K [0x0000000082c00000, 0x0000000100000000)
  region size 1024K, 9 young (9216K), 2 survivors (2048K)
 Metaspace       used 3364K, committed 3520K, reserved 1114112K
  class space    used 331K, committed 448K, reserved 1048576K
}
Event: 2.624 GC heap after
{Heap after GC invocations=7 (full 0):
 garbage-first heap   total 192512K, used 73475K [0x0000000082c00000, 0x0000000100000000)
  region size 1024K, 2 young (2048K), 2 survivors (2048K)
 Metaspace       used 3364K, committed 3520K, reserved 1114112K
  class space    used 331K, committed 448K, reserved 1048576K
}
Event: 2.668 GC heap before
{Heap before GC invocations=7 (full 0):
 garbage-first heap   total 192512K, used 94979K [0x0000000082c00000, 0x0000000100000000)
  region size 1024K, 15 young (15360K), 2 survivors (2048K)
 Metaspace       used 3367K, committed 3520K, reserved 1114112K
  class space    used 331K, committed 448K, reserved 1048576K
}
Event: 2.674 GC heap after
{Heap after GC invocations=8 (full 0):
 garbage-first heap   total 192512K, used 83944K [0x0000000082c00000, 0x0000000100000000)
  region size 1024K, 2 young (2048K), 2 survivors (2048K)
 Metaspace       used 3367K, committed 3520K, reserved 1114112K
  class space    used 331K, committed 448K, reserved 1048576K
}
Event: 2.917 GC heap before
{Heap before GC invocations=8 (full 0):
 garbage-first heap   total 192512K, used 115688K [0x0000000082c00000, 0x0000000100000000)
  region size 1024K, 31 young (31744K), 2 survivors (2048K)
 Metaspace       used 4343K, committed 4480K, reserved 1114112K
  class space    used 439K, committed 512K, reserved 1048576K
}

Dll operation events (7 events):
Event: 0.018 Loaded shared library C:\Program Files (x86)\Android\openjdk\jdk-17.0.12\bin\java.dll
Event: 0.041 Loaded shared library C:\Program Files (x86)\Android\openjdk\jdk-17.0.12\bin\jsvml.dll
Event: 0.172 Loaded shared library C:\Program Files (x86)\Android\openjdk\jdk-17.0.12\bin\net.dll
Event: 0.178 Loaded shared library C:\Program Files (x86)\Android\openjdk\jdk-17.0.12\bin\nio.dll
Event: 0.319 Loaded shared library C:\Program Files (x86)\Android\openjdk\jdk-17.0.12\bin\zip.dll
Event: 0.986 Loaded shared library C:\Program Files (x86)\Android\openjdk\jdk-17.0.12\bin\jimage.dll
Event: 2.024 Loaded shared library C:\Program Files (x86)\Android\openjdk\jdk-17.0.12\bin\verify.dll

Deoptimization events (20 events):
Event: 2.710 Thread 0x00000234f6794db0 Uncommon trap: trap_request=0xffffffde fr.pc=0x0000023487c0c794 relative=0x0000000000000394
Event: 2.710 Thread 0x00000234f6794db0 Uncommon trap: reason=class_check action=maybe_recompile pc=0x0000023487c0c794 method=java.util.HashMap.putMapEntries(Ljava/util/Map;Z)V @ 1 c2
Event: 2.710 Thread 0x00000234f6794db0 DEOPT PACKING pc=0x0000023487c0c794 sp=0x000000c8be9fd570
Event: 2.710 Thread 0x00000234f6794db0 DEOPT UNPACKING pc=0x00000234874a69a3 sp=0x000000c8be9fd538 mode 2
Event: 2.711 Thread 0x00000234f6794db0 DEOPT PACKING pc=0x00000234800ea7f7 sp=0x000000c8be9fd360
Event: 2.711 Thread 0x00000234f6794db0 DEOPT UNPACKING pc=0x00000234874a7143 sp=0x000000c8be9fc7a0 mode 0
Event: 2.716 Thread 0x00000234f6794db0 Uncommon trap: trap_request=0xffffffde fr.pc=0x0000023487c0c794 relative=0x0000000000000394
Event: 2.716 Thread 0x00000234f6794db0 Uncommon trap: reason=class_check action=maybe_recompile pc=0x0000023487c0c794 method=java.util.HashMap.putMapEntries(Ljava/util/Map;Z)V @ 1 c2
Event: 2.716 Thread 0x00000234f6794db0 DEOPT PACKING pc=0x0000023487c0c794 sp=0x000000c8be9fd730
Event: 2.716 Thread 0x00000234f6794db0 DEOPT UNPACKING pc=0x00000234874a69a3 sp=0x000000c8be9fd6f8 mode 2
Event: 2.717 Thread 0x00000234f6794db0 DEOPT PACKING pc=0x00000234800b88d2 sp=0x000000c8be9fd580
Event: 2.717 Thread 0x00000234f6794db0 DEOPT UNPACKING pc=0x00000234874a7143 sp=0x000000c8be9fca18 mode 0
Event: 2.720 Thread 0x00000234f6794db0 DEOPT PACKING pc=0x00000234800c20d6 sp=0x000000c8be9fd7c0
Event: 2.720 Thread 0x00000234f6794db0 DEOPT UNPACKING pc=0x00000234874a7143 sp=0x000000c8be9fcc40 mode 0
Event: 2.722 Thread 0x00000234f6794db0 DEOPT PACKING pc=0x00000234800c20d6 sp=0x000000c8be9fd7c0
Event: 2.722 Thread 0x00000234f6794db0 DEOPT UNPACKING pc=0x00000234874a7143 sp=0x000000c8be9fcc40 mode 0
Event: 2.730 Thread 0x00000234f6794db0 DEOPT PACKING pc=0x00000234800c20d6 sp=0x000000c8be9fd7c0
Event: 2.730 Thread 0x00000234f6794db0 DEOPT UNPACKING pc=0x00000234874a7143 sp=0x000000c8be9fcc40 mode 0
Event: 2.731 Thread 0x00000234f6794db0 DEOPT PACKING pc=0x00000234800c150f sp=0x000000c8be9fd790
Event: 2.731 Thread 0x00000234f6794db0 DEOPT UNPACKING pc=0x00000234874a7143 sp=0x000000c8be9fcc40 mode 0

Classes loaded (20 events):
Event: 2.765 Loading class org/xml/sax/Attributes
Event: 2.765 Loading class org/xml/sax/Attributes done
Event: 2.767 Loading class java/lang/SecurityException
Event: 2.768 Loading class java/lang/SecurityException done
Event: 2.769 Loading class java/security/PrivilegedActionException
Event: 2.769 Loading class java/security/PrivilegedActionException done
Event: 2.804 Loading class java/util/Stack
Event: 2.804 Loading class java/util/Stack done
Event: 2.812 Loading class java/io/EOFException
Event: 2.812 Loading class java/io/EOFException done
Event: 2.821 Loading class java/lang/NumberFormatException
Event: 2.821 Loading class java/lang/NumberFormatException done
Event: 2.830 Loading class java/io/CharConversionException
Event: 2.830 Loading class java/io/CharConversionException done
Event: 2.867 Loading class java/util/MissingResourceException
Event: 2.867 Loading class java/util/MissingResourceException done
Event: 2.868 Loading class org/xml/sax/ext/Attributes2
Event: 2.869 Loading class org/xml/sax/ext/Attributes2 done
Event: 2.869 Loading class java/util/Hashtable$EntrySet
Event: 2.869 Loading class java/util/Hashtable$EntrySet done

Classes unloaded (0 events):
No events

Classes redefined (0 events):
No events

Internal exceptions (1 events):
Event: 1.302 Thread 0x00000234f6794db0 Implicit null exception at 0x0000023487bb8554 to 0x0000023487bb8e48

VM Operations (20 events):
Event: 0.758 Executing VM operation: HandshakeAllThreads done
Event: 0.758 Executing VM operation: HandshakeAllThreads
Event: 0.758 Executing VM operation: HandshakeAllThreads done
Event: 0.911 Executing VM operation: G1CollectForAllocation
Event: 0.929 Executing VM operation: G1CollectForAllocation done
Event: 1.611 Executing VM operation: G1CollectForAllocation
Event: 1.625 Executing VM operation: G1CollectForAllocation done
Event: 1.906 Executing VM operation: G1CollectForAllocation
Event: 1.933 Executing VM operation: G1CollectForAllocation done
Event: 2.055 Executing VM operation: G1TryInitiateConcMark
Event: 2.565 Executing VM operation: G1TryInitiateConcMark done
Event: 2.607 Executing VM operation: G1CollectForAllocation
Event: 2.611 Executing VM operation: G1CollectForAllocation done
Event: 2.617 Executing VM operation: G1CollectForAllocation
Event: 2.624 Executing VM operation: G1CollectForAllocation done
Event: 2.668 Executing VM operation: G1CollectForAllocation
Event: 2.674 Executing VM operation: G1CollectForAllocation done
Event: 2.821 Executing VM operation: HandshakeAllThreads
Event: 2.821 Executing VM operation: HandshakeAllThreads done
Event: 2.917 Executing VM operation: G1TryInitiateConcMark

Events (14 events):
Event: 0.041 Thread 0x00000234f6794db0 Thread added: 0x00000234f6794db0
Event: 0.044 Thread 0x00000234955a9b70 Thread added: 0x00000234955a9b70
Event: 0.044 Thread 0x00000234955aa730 Thread added: 0x00000234955aa730
Event: 0.064 Thread 0x00000234955bee10 Thread added: 0x00000234955bee10
Event: 0.065 Thread 0x00000234955bf6e0 Thread added: 0x00000234955bf6e0
Event: 0.065 Thread 0x00000234955c06b0 Thread added: 0x00000234955c06b0
Event: 0.065 Thread 0x00000234955c2080 Thread added: 0x00000234955c2080
Event: 0.065 Thread 0x00000234955d0750 Thread added: 0x00000234955d0750
Event: 0.066 Thread 0x00000234955e71a0 Thread added: 0x00000234955e71a0
Event: 0.066 Thread 0x00000234955f9280 Thread added: 0x00000234955f9280
Event: 0.124 Thread 0x000002349571ca80 Thread added: 0x000002349571ca80
Event: 0.127 Thread 0x00000234957273f0 Thread added: 0x00000234957273f0
Event: 0.161 Thread 0x000002349572dd70 Thread added: 0x000002349572dd70
Event: 2.585 Thread 0x000002349571ca80 Thread exited: 0x000002349571ca80


Dynamic libraries:
0x00007ff64c7a0000 - 0x00007ff64c7ae000 	C:\Program Files (x86)\Android\openjdk\jdk-17.0.12\bin\java.exe
0x00007ffc441e0000 - 0x00007ffc44448000 	C:\WINDOWS\SYSTEM32\ntdll.dll
0x00007ffc433a0000 - 0x00007ffc43469000 	C:\WINDOWS\System32\KERNEL32.DLL
0x00007ffc41640000 - 0x00007ffc41a32000 	C:\WINDOWS\System32\KERNELBASE.dll
0x00007ffc41370000 - 0x00007ffc414bb000 	C:\WINDOWS\System32\ucrtbase.dll
0x00007ffbcc5c0000 - 0x00007ffbcc5d7000 	C:\Program Files (x86)\Android\openjdk\jdk-17.0.12\bin\jli.dll
0x00007ffc30f70000 - 0x00007ffc30f8d000 	C:\Program Files (x86)\Android\openjdk\jdk-17.0.12\bin\VCRUNTIME140.dll
0x00007ffc43590000 - 0x00007ffc43755000 	C:\WINDOWS\System32\USER32.dll
0x00007ffc29dd0000 - 0x00007ffc2a063000 	C:\WINDOWS\WinSxS\amd64_microsoft.windows.common-controls_6595b64144ccf1df_6.0.26100.6899_none_3e0efeeae32e88c1\COMCTL32.dll
0x00007ffc41ce0000 - 0x00007ffc41d07000 	C:\WINDOWS\System32\win32u.dll
0x00007ffc43030000 - 0x00007ffc4305b000 	C:\WINDOWS\System32\GDI32.dll
0x00007ffc43f10000 - 0x00007ffc43fb9000 	C:\WINDOWS\System32\msvcrt.dll
0x00007ffc41af0000 - 0x00007ffc41c1d000 	C:\WINDOWS\System32\gdi32full.dll
0x00007ffc41a40000 - 0x00007ffc41ae3000 	C:\WINDOWS\System32\msvcp_win.dll
0x00007ffc43550000 - 0x00007ffc4357f000 	C:\WINDOWS\System32\IMM32.DLL
0x00007ffc3bb00000 - 0x00007ffc3bb0c000 	C:\Program Files (x86)\Android\openjdk\jdk-17.0.12\bin\vcruntime140_1.dll
0x00007ffba0210000 - 0x00007ffba029d000 	C:\Program Files (x86)\Android\openjdk\jdk-17.0.12\bin\msvcp140.dll
0x00007ffb06a50000 - 0x00007ffb076c0000 	C:\Program Files (x86)\Android\openjdk\jdk-17.0.12\bin\server\jvm.dll
0x00007ffc432e0000 - 0x00007ffc43394000 	C:\WINDOWS\System32\ADVAPI32.dll
0x00007ffc440e0000 - 0x00007ffc44186000 	C:\WINDOWS\System32\sechost.dll
0x00007ffc431c0000 - 0x00007ffc432d8000 	C:\WINDOWS\System32\RPCRT4.dll
0x00007ffc43fc0000 - 0x00007ffc44034000 	C:\WINDOWS\System32\WS2_32.dll
0x00007ffc319b0000 - 0x00007ffc319e5000 	C:\WINDOWS\SYSTEM32\WINMM.dll
0x00007ffc411d0000 - 0x00007ffc4122e000 	C:\WINDOWS\SYSTEM32\POWRPROF.dll
0x00007ffc39b70000 - 0x00007ffc39b7b000 	C:\WINDOWS\SYSTEM32\VERSION.dll
0x00007ffc411b0000 - 0x00007ffc411c4000 	C:\WINDOWS\SYSTEM32\UMPDC.dll
0x00007ffc40140000 - 0x00007ffc4015b000 	C:\WINDOWS\SYSTEM32\kernel.appcore.dll
0x00007ffbcc5b0000 - 0x00007ffbcc5ba000 	C:\Program Files (x86)\Android\openjdk\jdk-17.0.12\bin\jimage.dll
0x00007ffc2c4c0000 - 0x00007ffc2c702000 	C:\WINDOWS\SYSTEM32\DBGHELP.DLL
0x00007ffc42a50000 - 0x00007ffc42dcb000 	C:\WINDOWS\System32\combase.dll
0x00007ffc43470000 - 0x00007ffc43547000 	C:\WINDOWS\System32\OLEAUT32.dll
0x00007ffc24cf0000 - 0x00007ffc24d2c000 	C:\WINDOWS\SYSTEM32\dbgcore.DLL
0x00007ffc41da0000 - 0x00007ffc41e38000 	C:\WINDOWS\System32\bcryptPrimitives.dll
0x00007ffbc4610000 - 0x00007ffbc4635000 	C:\Program Files (x86)\Android\openjdk\jdk-17.0.12\bin\java.dll
0x00007ffb34ff0000 - 0x00007ffb350c7000 	C:\Program Files (x86)\Android\openjdk\jdk-17.0.12\bin\jsvml.dll
0x00007ffc43760000 - 0x00007ffc43ead000 	C:\WINDOWS\System32\SHELL32.dll
0x00007ffc41e40000 - 0x00007ffc41fab000 	C:\WINDOWS\System32\wintypes.dll
0x00007ffc3ef90000 - 0x00007ffc3f7ed000 	C:\WINDOWS\SYSTEM32\windows.storage.dll
0x00007ffc42900000 - 0x00007ffc429f2000 	C:\WINDOWS\System32\SHCORE.dll
0x00007ffc44060000 - 0x00007ffc440c2000 	C:\WINDOWS\System32\shlwapi.dll
0x00007ffc41290000 - 0x00007ffc412b9000 	C:\WINDOWS\SYSTEM32\profapi.dll
0x00007ffbbdc20000 - 0x00007ffbbdc3a000 	C:\Program Files (x86)\Android\openjdk\jdk-17.0.12\bin\net.dll
0x00007ffc3ad70000 - 0x00007ffc3ae8f000 	C:\WINDOWS\SYSTEM32\WINHTTP.dll
0x00007ffc406b0000 - 0x00007ffc4071b000 	C:\WINDOWS\system32\mswsock.dll
0x00007ffbb4100000 - 0x00007ffbb4116000 	C:\Program Files (x86)\Android\openjdk\jdk-17.0.12\bin\nio.dll
0x00007ffbaf320000 - 0x00007ffbaf338000 	C:\Program Files (x86)\Android\openjdk\jdk-17.0.12\bin\zip.dll
0x00007ffbcc580000 - 0x00007ffbcc590000 	C:\Program Files (x86)\Android\openjdk\jdk-17.0.12\bin\verify.dll

dbghelp: loaded successfully - version: 4.0.5 - missing functions: none
symbol engine: initialized successfully - sym options: 0x614 - pdb path: .;C:\Program Files (x86)\Android\openjdk\jdk-17.0.12\bin;C:\WINDOWS\SYSTEM32;C:\WINDOWS\WinSxS\amd64_microsoft.windows.common-controls_6595b64144ccf1df_6.0.26100.6899_none_3e0efeeae32e88c1;C:\Program Files (x86)\Android\openjdk\jdk-17.0.12\bin\server

VM Arguments:
java_command: com.xamarin.manifestmerger.Main obj\Debug\net8.0-android\android\manifestmerger.rsp
java_class_path (initial): C:\Program Files\dotnet\packs\Microsoft.Android.Sdk.Windows\34.0.154\tools\manifestmerger.jar
Launcher Type: SUN_STANDARD

[Global flags]
     intx CICompilerCount                          = 12                                        {product} {ergonomic}
     uint ConcGCThreads                            = 3                                         {product} {ergonomic}
     uint G1ConcRefinementThreads                  = 13                                        {product} {ergonomic}
   size_t G1HeapRegionSize                         = 1048576                                   {product} {ergonomic}
    uintx GCDrainStackTargetSize                   = 64                                        {product} {ergonomic}
   size_t InitialHeapSize                          = 132120576                                 {product} {ergonomic}
   size_t MarkStackSize                            = 4194304                                   {product} {ergonomic}
   size_t MaxHeapSize                              = 2101346304                                {product} {ergonomic}
   size_t MaxNewSize                               = 1260388352                                {product} {ergonomic}
   size_t MinHeapDeltaBytes                        = 1048576                                   {product} {ergonomic}
   size_t MinHeapSize                              = 8388608                                   {product} {ergonomic}
    uintx NonNMethodCodeHeapSize                   = 7602480                                {pd product} {ergonomic}
    uintx NonProfiledCodeHeapSize                  = 122027880                              {pd product} {ergonomic}
    uintx ProfiledCodeHeapSize                     = 122027880                              {pd product} {ergonomic}
    uintx ReservedCodeCacheSize                    = 251658240                              {pd product} {ergonomic}
     bool SegmentedCodeCache                       = true                                      {product} {ergonomic}
   size_t SoftMaxHeapSize                          = 2101346304                             {manageable} {ergonomic}
     bool UseCompressedClassPointers               = true                           {product lp64_product} {ergonomic}
     bool UseCompressedOops                        = true                           {product lp64_product} {ergonomic}
     bool UseG1GC                                  = true                                      {product} {ergonomic}
     bool UseLargePagesIndividualAllocation        = false                                  {pd product} {ergonomic}

Logging:
Log output configuration:
 #0: stdout all=warning uptime,level,tags
 #1: stderr all=off uptime,level,tags

Environment Variables:
PATH=C:\Program Files (x86)\Android\openjdk\jdk-17.0.12\bin;C:\Program Files\Common Files\Oracle\Java\javapath;C:\WINDOWS\system32;C:\WINDOWS;C:\WINDOWS\System32\Wbem;C:\WINDOWS\System32\WindowsPowerShell\v1.0\;C:\WINDOWS\System32\OpenSSH\;C:\Program Files (x86)\NVIDIA Corporation\PhysX\Common;C:\Program Files\NVIDIA Corporation\NVIDIA NvDLISR;C:\Program Files\dotnet\;C:\Program Files\Microsoft SQL Server\150\Tools\Binn\;C:\Program Files\Microsoft SQL Server\Client SDK\ODBC\170\Tools\Binn\;C:\Program Files (x86)\Windows Kits\10\Windows Performance Toolkit\;C:\Program Files\Git\cmd;C:\Program Files (x86)\Microsoft SQL Server\160\Tools\Binn\;C:\Program Files\Microsoft SQL Server\160\Tools\Binn\;C:\Program Files\Microsoft SQL Server\160\DTS\Binn\;C:\Program Files (x86)\Microsoft SQL Server\160\DTS\Binn\;C:\Program Files\nodejs\;C:\Program Files\Docker\Docker\resources\bin;C:\Users\MERARI URBANO\AppData\Local\Programs\Python\Launcher\;C:\Users\MERARI URBANO\AppData\Local\Microsoft\WindowsApps;C:\Users\MERARI URBANO\AppData\Local\Programs\Microsoft VS Code\bin;C:\Users\MERARI URBANO\.dotnet\tools;C:\Program Files\Apache\Maven\apache-maven-3.9.9\bin;C:\Users\MERARI URBANO\AppData\Roaming\npm;C:\Users\MERARI URBANO\AppData\Local\Android\Sdk;C:\Users\MERARI URBANO\AppData\Local\Android\Sdk\platform-tools;
USERNAME=MERARI URBANO
OS=Windows_NT
PROCESSOR_IDENTIFIER=AMD64 Family 25 Model 68 Stepping 1, AuthenticAMD
TMP=C:\Users\MERARI~1\AppData\Local\Temp
TEMP=C:\Users\MERARI~1\AppData\Local\Temp



Periodic native trim disabled


---------------  S Y S T E M  ---------------

OS:
 Windows 11 , 64 bit Build 26100 (10.0.26100.6725)
OS uptime: 19 days 18:58 hours
Hyper-V role detected

CPU: total 16 (initial active 16) (16 cores per cpu, 2 threads per core) family 25 model 68 stepping 1 microcode 0xa404107, cx8, cmov, fxsr, ht, mmx, 3dnowpref, sse, sse2, sse3, ssse3, sse4a, sse4.1, sse4.2, popcnt, lzcnt, tsc, tscinvbit, avx, avx2, aes, erms, clmul, bmi1, bmi2, adx, sha, fma, vzeroupper, clflush, clflushopt, hv
Processor Information for the first 16 processors :
  Max Mhz: 3100, Current Mhz: 3100, Mhz Limit: 3100

Memory: 4k page, system-wide physical 8010M (48M free)
TotalPageFile size 32586M (AvailPageFile size 62M)
current process WorkingSet (physical memory assigned to process): 207M, peak: 207M
current process commit charge ("private bytes"): 296M, peak: 672M

vm_info: OpenJDK 64-Bit Server VM (17.0.12+7-LTS) for windows-amd64 JRE (17.0.12+7-LTS), built on Jul 16 2024 18:11:44 by "MicrosoftCorporation" with unknown MS VC++:1939

END.
