#
# There is insufficient memory for the Java Runtime Environment to continue.
# Native memory allocation (mmap) failed to map 288358400 bytes. Error detail: G1 virtual space
# Possible reasons:
#   The system is out of physical RAM or swap space
#   This process is running with CompressedOops enabled, and the Java Heap may be blocking the growth of the native heap
# Possible solutions:
#   Reduce memory load on the system
#   Increase physical memory or swap space
#   Check if swap backing store is full
#   Decrease Java heap size (-Xmx/-Xms)
#   Decrease number of Java threads
#   Decrease Java thread stack sizes (-Xss)
#   Set larger code cache with -XX:ReservedCodeCacheSize=
#   JVM is running with Unscaled Compressed Oops mode in which the Java heap is
#     placed in the first 4GB address space. The Java Heap base address is the
#     maximum limit for the native heap growth. Please use -XX:HeapBaseMinAddress
#     to set the Java Heap base and to place the Java Heap above 4GB virtual address.
# This output file may be truncated or incomplete.
#
#  Out of Memory Error (os_windows.cpp:3678), pid=18616, tid=30924
#
# JRE version: OpenJDK Runtime Environment Microsoft-9889599 (17.0.12+7) (build 17.0.12+7-LTS)
# Java VM: OpenJDK 64-Bit Server VM Microsoft-9889599 (17.0.12+7-LTS, mixed mode, sharing, tiered, compressed oops, compressed class ptrs, g1 gc, windows-amd64)
# No core dump will be written. Minidumps are not enabled by default on client versions of Windows
#

---------------  S U M M A R Y ------------

Command Line: -Dapplication.home=C:\Program Files (x86)\Android\openjdk\jdk-17.0.12 --add-modules=ALL-DEFAULT -Xms8m -Dfile.encoding=UTF8 -Djdk.module.main=jdk.compiler jdk.compiler/com.sun.tools.javac.Main @C:\Users\MERARI URBANO\AppData\Local\Temp\tmp82C9.tmp -target 1.8 -source 1.8

Host: AMD Ryzen 7 7435HS                             , 16 cores, 7G,  Windows 11 , 64 bit Build 26100 (10.0.26100.6725)
Time: Tue Nov 11 22:17:07 2025 Hora est. Pacífico, Sudamérica elapsed time: 10.260938 seconds (0d 0h 0m 10s)

---------------  T H R E A D  ---------------

Current thread (0x00000231697e7760):  VMThread "VM Thread" [stack: 0x000000632f200000,0x000000632f300000] [id=30924]

Stack: [0x000000632f200000,0x000000632f300000]
Native frames: (J=compiled Java code, j=interpreted, Vv=VM code, C=native code)
V  [jvm.dll+0x686d99]
V  [jvm.dll+0x83daf8]
V  [jvm.dll+0x83f5a3]
V  [jvm.dll+0x83fc13]
V  [jvm.dll+0x2492ef]
V  [jvm.dll+0x683dd9]
V  [jvm.dll+0x6782fa]
V  [jvm.dll+0x30a797]
V  [jvm.dll+0x311d06]
V  [jvm.dll+0x36252e]
V  [jvm.dll+0x36276d]
V  [jvm.dll+0x2e1a9c]
V  [jvm.dll+0x2dfe49]
V  [jvm.dll+0x2df5ac]
V  [jvm.dll+0x3220ab]
V  [jvm.dll+0x84444d]
V  [jvm.dll+0x845183]
V  [jvm.dll+0x8456af]
V  [jvm.dll+0x845a94]
V  [jvm.dll+0x845b5e]
V  [jvm.dll+0x7ed87c]
V  [jvm.dll+0x685c77]
C  [ucrtbase.dll+0x37b0]
C  [KERNEL32.DLL+0x2e8d7]
C  [ntdll.dll+0x8c53c]

VM_Operation (0x000000632ecfe760): G1CollectForAllocation, mode: safepoint, requested by thread 0x000002314b314fd0


---------------  P R O C E S S  ---------------

Threads class SMR info:
_java_thread_list=0x000002316fb0e530, length=16, elements={
0x000002314b314fd0, 0x00000231697ec210, 0x00000231697eede0, 0x0000023169803dc0,
0x0000023169804690, 0x0000023169807060, 0x000002316980c540, 0x000002316980e2f0,
0x0000023169817cd0, 0x0000023169820db0, 0x000002316a1a7aa0, 0x000002316a1b21d0,
0x000002316a1b2bb0, 0x000002316a1a8ee0, 0x000002316a47fe20, 0x000002316a1bc950
}

Java Threads: ( => current thread )
  0x000002314b314fd0 JavaThread "main" [_thread_blocked, id=37460, stack(0x000000632ec00000,0x000000632ed00000)]
  0x00000231697ec210 JavaThread "Reference Handler" daemon [_thread_blocked, id=33740, stack(0x000000632f300000,0x000000632f400000)]
  0x00000231697eede0 JavaThread "Finalizer" daemon [_thread_blocked, id=16124, stack(0x000000632f400000,0x000000632f500000)]
  0x0000023169803dc0 JavaThread "Signal Dispatcher" daemon [_thread_blocked, id=36096, stack(0x000000632f500000,0x000000632f600000)]
  0x0000023169804690 JavaThread "Attach Listener" daemon [_thread_blocked, id=16068, stack(0x000000632f600000,0x000000632f700000)]
  0x0000023169807060 JavaThread "Service Thread" daemon [_thread_blocked, id=31748, stack(0x000000632f700000,0x000000632f800000)]
  0x000002316980c540 JavaThread "Monitor Deflation Thread" daemon [_thread_blocked, id=44516, stack(0x000000632f800000,0x000000632f900000)]
  0x000002316980e2f0 JavaThread "C2 CompilerThread0" daemon [_thread_blocked, id=32348, stack(0x000000632f900000,0x000000632fa00000)]
  0x0000023169817cd0 JavaThread "C1 CompilerThread0" daemon [_thread_blocked, id=37028, stack(0x000000632fa00000,0x000000632fb00000)]
  0x0000023169820db0 JavaThread "Sweeper thread" daemon [_thread_blocked, id=8628, stack(0x000000632fb00000,0x000000632fc00000)]
  0x000002316a1a7aa0 JavaThread "Common-Cleaner" daemon [_thread_blocked, id=31152, stack(0x000000632fc00000,0x000000632fd00000)]
  0x000002316a1b21d0 JavaThread "C1 CompilerThread1" daemon [_thread_blocked, id=46736, stack(0x000000632fd00000,0x000000632fe00000)]
  0x000002316a1b2bb0 JavaThread "C1 CompilerThread2" daemon [_thread_blocked, id=44172, stack(0x000000632fe00000,0x000000632ff00000)]
  0x000002316a1a8ee0 JavaThread "Notification Thread" daemon [_thread_blocked, id=34272, stack(0x0000006330000000,0x0000006330100000)]
  0x000002316a47fe20 JavaThread "C1 CompilerThread3" daemon [_thread_blocked, id=42840, stack(0x0000006330500000,0x0000006330600000)]
  0x000002316a1bc950 JavaThread "C2 CompilerThread1" daemon [_thread_blocked, id=38556, stack(0x000000632ff00000,0x0000006330000000)]

Other Threads:
=>0x00000231697e7760 VMThread "VM Thread" [stack: 0x000000632f200000,0x000000632f300000] [id=30924]
  0x000002316a237030 WatcherThread [stack: 0x0000006330100000,0x0000006330200000] [id=41180]
  0x000002314b373990 GCTaskThread "GC Thread#0" [stack: 0x000000632ed00000,0x000000632ee00000] [id=45176]
  0x000002316a3f4850 GCTaskThread "GC Thread#1" [stack: 0x0000006330200000,0x0000006330300000] [id=40488]
  0x000002316a477b10 GCTaskThread "GC Thread#2" [stack: 0x0000006330300000,0x0000006330400000] [id=14808]
  0x000002316a4781e0 GCTaskThread "GC Thread#3" [stack: 0x0000006330400000,0x0000006330500000] [id=1800]
  0x000002316a80a820 GCTaskThread "GC Thread#4" [stack: 0x0000006330600000,0x0000006330700000] [id=25512]
  0x000002316abc35a0 GCTaskThread "GC Thread#5" [stack: 0x0000006330700000,0x0000006330800000] [id=35252]
  0x0000023170364e50 GCTaskThread "GC Thread#6" [stack: 0x0000006330a00000,0x0000006330b00000] [id=32048]
  0x000002314b385030 ConcurrentGCThread "G1 Main Marker" [stack: 0x000000632ee00000,0x000000632ef00000] [id=21084]
  0x000002314b386900 ConcurrentGCThread "G1 Conc#0" [stack: 0x000000632ef00000,0x000000632f000000] [id=24236]
  0x000002316f538d10 ConcurrentGCThread "G1 Conc#1" [stack: 0x0000006330800000,0x0000006330900000] [id=38144]
  0x000002316f0977c0 ConcurrentGCThread "G1 Conc#2" [stack: 0x0000006330900000,0x0000006330a00000] [id=43272]
  0x000002314b3a2b00 ConcurrentGCThread "G1 Refine#0" [stack: 0x000000632f000000,0x000000632f100000] [id=7040]
  0x000002316fa33e00 ConcurrentGCThread "G1 Refine#1" [stack: 0x0000006330b00000,0x0000006330c00000] [id=36064]
  0x000002317074f1b0 ConcurrentGCThread "G1 Refine#2" [stack: 0x0000006330c00000,0x0000006330d00000] [id=33640]
  0x000002316f9e8b80 ConcurrentGCThread "G1 Refine#3" [stack: 0x0000006330d00000,0x0000006330e00000] [id=35468]
  0x000002316f9e8e70 ConcurrentGCThread "G1 Refine#4" [stack: 0x0000006330e00000,0x0000006330f00000] [id=37208]
  0x000002317036f0e0 ConcurrentGCThread "G1 Refine#5" [stack: 0x0000006330f00000,0x0000006331000000] [id=11924]
  0x0000023170d2bc30 ConcurrentGCThread "G1 Refine#6" [stack: 0x0000006331000000,0x0000006331100000] [id=21904]
  0x000002314b3a33d0 ConcurrentGCThread "G1 Service" [stack: 0x000000632f100000,0x000000632f200000] [id=7676]

Threads with active compile tasks:
C2 CompilerThread0    10433 5135       4       com.sun.tools.javac.code.Types$ImplementationCache::implementationInternal (164 bytes)
C2 CompilerThread1    10433 4980       4       com.sun.tools.javac.comp.Attr::checkIdInternal (788 bytes)

VM state: at safepoint (normal execution)

VM Mutex/Monitor currently owned by a thread:  ([mutex/lock_event])
[0x000002314908a900] Threads_lock - owner thread: 0x00000231697e7760
[0x000002314b311440] Heap_lock - owner thread: 0x000002314b314fd0

Heap address: 0x0000000082c00000, size: 2004 MB, Compressed Oops mode: 32-bit

CDS archive(s) mapped at: [0x0000023100000000-0x0000023100bb0000-0x0000023100bb0000), size 12255232, SharedBaseAddress: 0x0000023100000000, ArchiveRelocationMode: 1.
Compressed class space mapped at: 0x0000023101000000-0x0000023141000000, reserved size: 1073741824
Narrow klass base: 0x0000023100000000, Narrow klass shift: 0, Narrow klass range: 0x100000000

GC Precious Log:
 CPUs: 16 total, 16 available
 Memory: 8010M
 Large Page Support: Disabled
 NUMA Support: Disabled
 Compressed Oops: Enabled (32-bit)
 Heap Region Size: 1M
 Heap Min Capacity: 8M
 Heap Initial Capacity: 8M
 Heap Max Capacity: 2004M
 Pre-touch: Disabled
 Parallel Workers: 13
 Concurrent Workers: 3
 Concurrent Refinement Workers: 13
 Periodic GC: Disabled

Heap:
 garbage-first heap   total 145408K, used 64353K [0x0000000082c00000, 0x0000000100000000)
  region size 1024K, 1 young (1024K), 1 survivors (1024K)
 Metaspace       used 11650K, committed 11840K, reserved 1114112K
  class space    used 1119K, committed 1216K, reserved 1048576K

Heap Regions: E=young(eden), S=young(survivor), O=old, HS=humongous(starts), HC=humongous(continues), CS=collection set, F=free, OA=open archive, CA=closed archive, TAMS=top-at-mark-start (previous, next)
|   0|0x0000000082c00000, 0x0000000082d00000, 0x0000000082d00000|100%| O|  |TAMS 0x0000000082d00000, 0x0000000082c00000| Untracked 
|   1|0x0000000082d00000, 0x0000000082e00000, 0x0000000082e00000|100%| O|  |TAMS 0x0000000082e00000, 0x0000000082d00000| Untracked 
|   2|0x0000000082e00000, 0x0000000082f00000, 0x0000000082f00000|100%| O|  |TAMS 0x0000000082f00000, 0x0000000082e00000| Untracked 
|   3|0x0000000082f00000, 0x0000000083000000, 0x0000000083000000|100%| O|  |TAMS 0x0000000083000000, 0x0000000082f00000| Untracked 
|   4|0x0000000083000000, 0x0000000083100000, 0x0000000083100000|100%| O|  |TAMS 0x0000000083100000, 0x0000000083000000| Untracked 
|   5|0x0000000083100000, 0x0000000083100000, 0x0000000083200000|  0%| F|  |TAMS 0x0000000083100000, 0x0000000083100000| Untracked 
|   6|0x0000000083200000, 0x0000000083300000, 0x0000000083300000|100%|HS|  |TAMS 0x0000000083300000, 0x0000000083200000| Complete 
|   7|0x0000000083300000, 0x0000000083300000, 0x0000000083400000|  0%| F|  |TAMS 0x0000000083300000, 0x0000000083300000| Untracked 
|   8|0x0000000083400000, 0x0000000083500000, 0x0000000083500000|100%|HS|  |TAMS 0x0000000083500000, 0x0000000083400000| Complete 
|   9|0x0000000083500000, 0x0000000083600000, 0x0000000083600000|100%|HC|  |TAMS 0x0000000083600000, 0x0000000083500000| Complete 
|  10|0x0000000083600000, 0x0000000083700000, 0x0000000083700000|100%|HC|  |TAMS 0x0000000083700000, 0x0000000083600000| Complete 
|  11|0x0000000083700000, 0x0000000083800000, 0x0000000083800000|100%|HS|  |TAMS 0x0000000083800000, 0x0000000083700000| Complete 
|  12|0x0000000083800000, 0x0000000083900000, 0x0000000083900000|100%|HC|  |TAMS 0x0000000083900000, 0x0000000083800000| Complete 
|  13|0x0000000083900000, 0x0000000083a00000, 0x0000000083a00000|100%|HC|  |TAMS 0x0000000083a00000, 0x0000000083900000| Complete 
|  14|0x0000000083a00000, 0x0000000083b00000, 0x0000000083b00000|100%|HC|  |TAMS 0x0000000083b00000, 0x0000000083a00000| Complete 
|  15|0x0000000083b00000, 0x0000000083c00000, 0x0000000083c00000|100%|HC|  |TAMS 0x0000000083c00000, 0x0000000083b00000| Complete 
|  16|0x0000000083c00000, 0x0000000083d00000, 0x0000000083d00000|100%| O|  |TAMS 0x0000000083d00000, 0x0000000083c00000| Untracked 
|  17|0x0000000083d00000, 0x0000000083e00000, 0x0000000083e00000|100%| O|  |TAMS 0x0000000083e00000, 0x0000000083d00000| Untracked 
|  18|0x0000000083e00000, 0x0000000083f00000, 0x0000000083f00000|100%| O|  |TAMS 0x0000000083f00000, 0x0000000083e00000| Untracked 
|  19|0x0000000083f00000, 0x0000000083f00000, 0x0000000084000000|  0%| F|  |TAMS 0x0000000083f00000, 0x0000000083f00000| Untracked 
|  20|0x0000000084000000, 0x0000000084100000, 0x0000000084100000|100%| O|  |TAMS 0x0000000084100000, 0x0000000084000000| Untracked 
|  21|0x0000000084100000, 0x0000000084200000, 0x0000000084200000|100%|HS|  |TAMS 0x0000000084200000, 0x0000000084100000| Complete 
|  22|0x0000000084200000, 0x0000000084300000, 0x0000000084300000|100%| O|  |TAMS 0x0000000084300000, 0x0000000084200000| Untracked 
|  23|0x0000000084300000, 0x0000000084400000, 0x0000000084400000|100%| O|  |TAMS 0x0000000084400000, 0x0000000084300000| Untracked 
|  24|0x0000000084400000, 0x0000000084500000, 0x0000000084500000|100%| O|  |TAMS 0x0000000084500000, 0x0000000084400000| Untracked 
|  25|0x0000000084500000, 0x0000000084600000, 0x0000000084600000|100%| O|  |TAMS 0x0000000084600000, 0x0000000084500000| Untracked 
|  26|0x0000000084600000, 0x0000000084700000, 0x0000000084700000|100%|HS|  |TAMS 0x0000000084700000, 0x0000000084600000| Complete 
|  27|0x0000000084700000, 0x0000000084800000, 0x0000000084800000|100%|HC|  |TAMS 0x0000000084800000, 0x0000000084700000| Complete 
|  28|0x0000000084800000, 0x0000000084900000, 0x0000000084900000|100%| O|  |TAMS 0x0000000084900000, 0x0000000084800000| Untracked 
|  29|0x0000000084900000, 0x0000000084a00000, 0x0000000084a00000|100%| O|  |TAMS 0x0000000084a00000, 0x0000000084900000| Untracked 
|  30|0x0000000084a00000, 0x0000000084b00000, 0x0000000084b00000|100%| O|  |TAMS 0x0000000084b00000, 0x0000000084a00000| Untracked 
|  31|0x0000000084b00000, 0x0000000084c00000, 0x0000000084c00000|100%| O|  |TAMS 0x0000000084c00000, 0x0000000084b00000| Untracked 
|  32|0x0000000084c00000, 0x0000000084d00000, 0x0000000084d00000|100%| O|  |TAMS 0x0000000084d00000, 0x0000000084c00000| Untracked 
|  33|0x0000000084d00000, 0x0000000084e00000, 0x0000000084e00000|100%| O|  |TAMS 0x0000000084e00000, 0x0000000084d00000| Untracked 
|  34|0x0000000084e00000, 0x0000000084f00000, 0x0000000084f00000|100%| O|  |TAMS 0x0000000084f00000, 0x0000000084e00000| Untracked 
|  35|0x0000000084f00000, 0x0000000085000000, 0x0000000085000000|100%| O|  |TAMS 0x0000000085000000, 0x0000000084f00000| Untracked 
|  36|0x0000000085000000, 0x0000000085100000, 0x0000000085100000|100%| O|  |TAMS 0x0000000085100000, 0x0000000085000000| Untracked 
|  37|0x0000000085100000, 0x0000000085200000, 0x0000000085200000|100%| O|  |TAMS 0x0000000085200000, 0x0000000085100000| Untracked 
|  38|0x0000000085200000, 0x0000000085200000, 0x0000000085300000|  0%| F|  |TAMS 0x0000000085200000, 0x0000000085200000| Untracked 
|  39|0x0000000085300000, 0x0000000085400000, 0x0000000085400000|100%| O|  |TAMS 0x0000000085400000, 0x0000000085300000| Untracked 
|  40|0x0000000085400000, 0x0000000085400000, 0x0000000085500000|  0%| F|  |TAMS 0x0000000085400000, 0x0000000085400000| Untracked 
|  41|0x0000000085500000, 0x0000000085600000, 0x0000000085600000|100%| O|  |TAMS 0x0000000085600000, 0x0000000085500000| Untracked 
|  42|0x0000000085600000, 0x0000000085700000, 0x0000000085700000|100%| O|  |TAMS 0x0000000085700000, 0x0000000085600000| Untracked 
|  43|0x0000000085700000, 0x0000000085800000, 0x0000000085800000|100%| O|  |TAMS 0x0000000085700000, 0x0000000085700000| Untracked 
|  44|0x0000000085800000, 0x0000000085800000, 0x0000000085900000|  0%| F|  |TAMS 0x0000000085800000, 0x0000000085800000| Untracked 
|  45|0x0000000085900000, 0x0000000085a00000, 0x0000000085a00000|100%| O|  |TAMS 0x0000000085900000, 0x0000000085900000| Untracked 
|  46|0x0000000085a00000, 0x0000000085a00000, 0x0000000085b00000|  0%| F|  |TAMS 0x0000000085a00000, 0x0000000085a00000| Untracked 
|  47|0x0000000085b00000, 0x0000000085c00000, 0x0000000085c00000|100%| O|  |TAMS 0x0000000085b00000, 0x0000000085b00000| Untracked 
|  48|0x0000000085c00000, 0x0000000085d00000, 0x0000000085d00000|100%| O|  |TAMS 0x0000000085d00000, 0x0000000085c00000| Untracked 
|  49|0x0000000085d00000, 0x0000000085d00000, 0x0000000085e00000|  0%| F|  |TAMS 0x0000000085d00000, 0x0000000085d00000| Untracked 
|  50|0x0000000085e00000, 0x0000000085e39600, 0x0000000085f00000| 22%| O|  |TAMS 0x0000000085e00000, 0x0000000085e00000| Untracked 
|  51|0x0000000085f00000, 0x0000000086000000, 0x0000000086000000|100%| O|  |TAMS 0x0000000085f00000, 0x0000000085f00000| Untracked 
|  52|0x0000000086000000, 0x0000000086000000, 0x0000000086100000|  0%| F|  |TAMS 0x0000000086000000, 0x0000000086000000| Untracked 
|  53|0x0000000086100000, 0x0000000086100000, 0x0000000086200000|  0%| F|  |TAMS 0x0000000086100000, 0x0000000086100000| Untracked 
|  54|0x0000000086200000, 0x0000000086200000, 0x0000000086300000|  0%| F|  |TAMS 0x0000000086200000, 0x0000000086200000| Untracked 
|  55|0x0000000086300000, 0x0000000086300000, 0x0000000086400000|  0%| F|  |TAMS 0x0000000086300000, 0x0000000086300000| Untracked 
|  56|0x0000000086400000, 0x0000000086400000, 0x0000000086500000|  0%| F|  |TAMS 0x0000000086400000, 0x0000000086400000| Untracked 
|  57|0x0000000086500000, 0x0000000086600000, 0x0000000086600000|100%| O|  |TAMS 0x0000000086600000, 0x0000000086500000| Untracked 
|  58|0x0000000086600000, 0x0000000086600000, 0x0000000086700000|  0%| F|  |TAMS 0x0000000086600000, 0x0000000086600000| Untracked 
|  59|0x0000000086700000, 0x0000000086700000, 0x0000000086800000|  0%| F|  |TAMS 0x0000000086700000, 0x0000000086700000| Untracked 
|  60|0x0000000086800000, 0x0000000086800000, 0x0000000086900000|  0%| F|  |TAMS 0x0000000086800000, 0x0000000086800000| Untracked 
|  61|0x0000000086900000, 0x0000000086900000, 0x0000000086a00000|  0%| F|  |TAMS 0x0000000086900000, 0x0000000086900000| Untracked 
|  62|0x0000000086a00000, 0x0000000086b00000, 0x0000000086b00000|100%| O|  |TAMS 0x0000000086a00000, 0x0000000086a00000| Untracked 
|  63|0x0000000086b00000, 0x0000000086c00000, 0x0000000086c00000|100%| O|  |TAMS 0x0000000086b00000, 0x0000000086b00000| Untracked 
|  64|0x0000000086c00000, 0x0000000086d00000, 0x0000000086d00000|100%| O|  |TAMS 0x0000000086d00000, 0x0000000086c00000| Untracked 
|  65|0x0000000086d00000, 0x0000000086e00000, 0x0000000086e00000|100%| O|  |TAMS 0x0000000086e00000, 0x0000000086d00000| Untracked 
|  66|0x0000000086e00000, 0x0000000086f00000, 0x0000000086f00000|100%| O|  |TAMS 0x0000000086f00000, 0x0000000086e00000| Untracked 
|  67|0x0000000086f00000, 0x0000000087000000, 0x0000000087000000|100%| O|  |TAMS 0x0000000087000000, 0x0000000086f00000| Untracked 
|  68|0x0000000087000000, 0x0000000087000000, 0x0000000087100000|  0%| F|  |TAMS 0x0000000087000000, 0x0000000087000000| Untracked 
|  69|0x0000000087100000, 0x0000000087200000, 0x0000000087200000|100%| O|  |TAMS 0x0000000087200000, 0x0000000087100000| Untracked 
|  70|0x0000000087200000, 0x0000000087300000, 0x0000000087300000|100%| O|  |TAMS 0x0000000087300000, 0x0000000087200000| Untracked 
|  71|0x0000000087300000, 0x0000000087300000, 0x0000000087400000|  0%| F|  |TAMS 0x0000000087300000, 0x0000000087300000| Untracked 
|  72|0x0000000087400000, 0x0000000087500000, 0x0000000087500000|100%| O|  |TAMS 0x0000000087500000, 0x0000000087400000| Untracked 
|  73|0x0000000087500000, 0x0000000087600000, 0x0000000087600000|100%| O|  |TAMS 0x0000000087600000, 0x0000000087500000| Untracked 
|  74|0x0000000087600000, 0x0000000087600000, 0x0000000087700000|  0%| F|  |TAMS 0x0000000087600000, 0x0000000087600000| Untracked 
|  75|0x0000000087700000, 0x0000000087700000, 0x0000000087800000|  0%| F|  |TAMS 0x0000000087700000, 0x0000000087700000| Untracked 
|  76|0x0000000087800000, 0x0000000087900000, 0x0000000087900000|100%|HS|  |TAMS 0x0000000087900000, 0x0000000087800000| Complete 
|  77|0x0000000087900000, 0x0000000087a00000, 0x0000000087a00000|100%|HC|  |TAMS 0x0000000087a00000, 0x0000000087900000| Complete 
|  78|0x0000000087a00000, 0x0000000087b00000, 0x0000000087b00000|100%|HC|  |TAMS 0x0000000087b00000, 0x0000000087a00000| Complete 
|  79|0x0000000087b00000, 0x0000000087c00000, 0x0000000087c00000|100%| O|  |TAMS 0x0000000087b00000, 0x0000000087b00000| Untracked 
|  80|0x0000000087c00000, 0x0000000087d00000, 0x0000000087d00000|100%| O|  |TAMS 0x0000000087c00000, 0x0000000087c00000| Untracked 
|  81|0x0000000087d00000, 0x0000000087e00000, 0x0000000087e00000|100%| O|  |TAMS 0x0000000087d00000, 0x0000000087d00000| Untracked 
|  82|0x0000000087e00000, 0x0000000087f00000, 0x0000000087f00000|100%| O|  |TAMS 0x0000000087e00000, 0x0000000087e00000| Untracked 
|  83|0x0000000087f00000, 0x0000000088000000, 0x0000000088000000|100%| O|  |TAMS 0x0000000087f00000, 0x0000000087f00000| Untracked 
|  84|0x0000000088000000, 0x0000000088000000, 0x0000000088100000|  0%| F|  |TAMS 0x0000000088000000, 0x0000000088000000| Untracked 
|  85|0x0000000088100000, 0x0000000088100000, 0x0000000088200000|  0%| F|  |TAMS 0x0000000088100000, 0x0000000088100000| Untracked 
|  86|0x0000000088200000, 0x0000000088200000, 0x0000000088300000|  0%| F|  |TAMS 0x0000000088200000, 0x0000000088200000| Untracked 
|  87|0x0000000088300000, 0x0000000088300000, 0x0000000088400000|  0%| F|  |TAMS 0x0000000088300000, 0x0000000088300000| Untracked 
|  88|0x0000000088400000, 0x0000000088400000, 0x0000000088500000|  0%| F|  |TAMS 0x0000000088400000, 0x0000000088400000| Untracked 
|  89|0x0000000088500000, 0x0000000088500000, 0x0000000088600000|  0%| F|  |TAMS 0x0000000088500000, 0x0000000088500000| Untracked 
|  90|0x0000000088600000, 0x0000000088600000, 0x0000000088700000|  0%| F|  |TAMS 0x0000000088600000, 0x0000000088600000| Untracked 
|  91|0x0000000088700000, 0x0000000088700000, 0x0000000088800000|  0%| F|  |TAMS 0x0000000088700000, 0x0000000088700000| Untracked 
|  92|0x0000000088800000, 0x0000000088800000, 0x0000000088900000|  0%| F|  |TAMS 0x0000000088800000, 0x0000000088800000| Untracked 
|  93|0x0000000088900000, 0x0000000088900000, 0x0000000088a00000|  0%| F|  |TAMS 0x0000000088900000, 0x0000000088900000| Untracked 
|  94|0x0000000088a00000, 0x0000000088a00000, 0x0000000088b00000|  0%| F|  |TAMS 0x0000000088a00000, 0x0000000088a00000| Untracked 
|  95|0x0000000088b00000, 0x0000000088b00000, 0x0000000088c00000|  0%| F|  |TAMS 0x0000000088b00000, 0x0000000088b00000| Untracked 
|  96|0x0000000088c00000, 0x0000000088c00000, 0x0000000088d00000|  0%| F|  |TAMS 0x0000000088c00000, 0x0000000088c00000| Untracked 
|  97|0x0000000088d00000, 0x0000000088d00000, 0x0000000088e00000|  0%| F|  |TAMS 0x0000000088d00000, 0x0000000088d00000| Untracked 
|  98|0x0000000088e00000, 0x0000000088e00000, 0x0000000088f00000|  0%| F|  |TAMS 0x0000000088e00000, 0x0000000088e00000| Untracked 
|  99|0x0000000088f00000, 0x0000000088f00000, 0x0000000089000000|  0%| F|  |TAMS 0x0000000088f00000, 0x0000000088f00000| Untracked 
| 100|0x0000000089000000, 0x0000000089000000, 0x0000000089100000|  0%| F|  |TAMS 0x0000000089000000, 0x0000000089000000| Untracked 
| 101|0x0000000089100000, 0x0000000089100000, 0x0000000089200000|  0%| F|  |TAMS 0x0000000089100000, 0x0000000089100000| Untracked 
| 102|0x0000000089200000, 0x0000000089200000, 0x0000000089300000|  0%| F|  |TAMS 0x0000000089200000, 0x0000000089200000| Untracked 
| 103|0x0000000089300000, 0x0000000089300000, 0x0000000089400000|  0%| F|  |TAMS 0x0000000089300000, 0x0000000089300000| Untracked 
| 104|0x0000000089400000, 0x0000000089400000, 0x0000000089500000|  0%| F|  |TAMS 0x0000000089400000, 0x0000000089400000| Untracked 
| 105|0x0000000089500000, 0x0000000089500000, 0x0000000089600000|  0%| F|  |TAMS 0x0000000089500000, 0x0000000089500000| Untracked 
| 106|0x0000000089600000, 0x0000000089600000, 0x0000000089700000|  0%| F|  |TAMS 0x0000000089600000, 0x0000000089600000| Untracked 
| 107|0x0000000089700000, 0x0000000089700000, 0x0000000089800000|  0%| F|  |TAMS 0x0000000089700000, 0x0000000089700000| Untracked 
| 108|0x0000000089800000, 0x0000000089800000, 0x0000000089900000|  0%| F|  |TAMS 0x0000000089800000, 0x0000000089800000| Untracked 
| 109|0x0000000089900000, 0x0000000089900000, 0x0000000089a00000|  0%| F|  |TAMS 0x0000000089900000, 0x0000000089900000| Untracked 
| 110|0x0000000089a00000, 0x0000000089a00000, 0x0000000089b00000|  0%| F|  |TAMS 0x0000000089a00000, 0x0000000089a00000| Untracked 
| 111|0x0000000089b00000, 0x0000000089b00000, 0x0000000089c00000|  0%| F|  |TAMS 0x0000000089b00000, 0x0000000089b00000| Untracked 
| 112|0x0000000089c00000, 0x0000000089c00000, 0x0000000089d00000|  0%| F|  |TAMS 0x0000000089c00000, 0x0000000089c00000| Untracked 
| 113|0x0000000089d00000, 0x0000000089d00000, 0x0000000089e00000|  0%| F|  |TAMS 0x0000000089d00000, 0x0000000089d00000| Untracked 
| 114|0x0000000089e00000, 0x0000000089e00000, 0x0000000089f00000|  0%| F|  |TAMS 0x0000000089e00000, 0x0000000089e00000| Untracked 
| 115|0x0000000089f00000, 0x0000000089f00000, 0x000000008a000000|  0%| F|  |TAMS 0x0000000089f00000, 0x0000000089f00000| Untracked 
| 116|0x000000008a000000, 0x000000008a000000, 0x000000008a100000|  0%| F|  |TAMS 0x000000008a000000, 0x000000008a000000| Untracked 
| 117|0x000000008a100000, 0x000000008a100000, 0x000000008a200000|  0%| F|  |TAMS 0x000000008a100000, 0x000000008a100000| Untracked 
| 118|0x000000008a200000, 0x000000008a200000, 0x000000008a300000|  0%| F|  |TAMS 0x000000008a200000, 0x000000008a200000| Untracked 
| 119|0x000000008a300000, 0x000000008a300000, 0x000000008a400000|  0%| F|  |TAMS 0x000000008a300000, 0x000000008a300000| Untracked 
| 120|0x000000008a400000, 0x000000008a400000, 0x000000008a500000|  0%| F|  |TAMS 0x000000008a400000, 0x000000008a400000| Untracked 
| 121|0x000000008a500000, 0x000000008a500000, 0x000000008a600000|  0%| F|  |TAMS 0x000000008a500000, 0x000000008a500000| Untracked 
| 122|0x000000008a600000, 0x000000008a600000, 0x000000008a700000|  0%| F|  |TAMS 0x000000008a600000, 0x000000008a600000| Untracked 
| 123|0x000000008a700000, 0x000000008a700000, 0x000000008a800000|  0%| F|  |TAMS 0x000000008a700000, 0x000000008a700000| Untracked 
| 124|0x000000008a800000, 0x000000008a800000, 0x000000008a900000|  0%| F|  |TAMS 0x000000008a800000, 0x000000008a800000| Untracked 
| 125|0x000000008a900000, 0x000000008a900000, 0x000000008aa00000|  0%| F|  |TAMS 0x000000008a900000, 0x000000008a900000| Untracked 
| 126|0x000000008aa00000, 0x000000008aa00000, 0x000000008ab00000|  0%| F|  |TAMS 0x000000008aa00000, 0x000000008aa00000| Untracked 
| 127|0x000000008ab00000, 0x000000008ab00000, 0x000000008ac00000|  0%| F|  |TAMS 0x000000008ab00000, 0x000000008ab00000| Untracked 
| 128|0x000000008ac00000, 0x000000008ac00000, 0x000000008ad00000|  0%| F|  |TAMS 0x000000008ac00000, 0x000000008ac00000| Untracked 
| 129|0x000000008ad00000, 0x000000008ad00000, 0x000000008ae00000|  0%| F|  |TAMS 0x000000008ad00000, 0x000000008ad00000| Untracked 
| 130|0x000000008ae00000, 0x000000008ae00000, 0x000000008af00000|  0%| F|  |TAMS 0x000000008ae00000, 0x000000008ae00000| Untracked 
| 131|0x000000008af00000, 0x000000008af00000, 0x000000008b000000|  0%| F|  |TAMS 0x000000008af00000, 0x000000008af00000| Untracked 
| 132|0x000000008b000000, 0x000000008b000000, 0x000000008b100000|  0%| F|  |TAMS 0x000000008b000000, 0x000000008b000000| Untracked 
| 133|0x000000008b100000, 0x000000008b100000, 0x000000008b200000|  0%| F|  |TAMS 0x000000008b100000, 0x000000008b100000| Untracked 
| 134|0x000000008b200000, 0x000000008b29efe8, 0x000000008b300000| 62%| S|CS|TAMS 0x000000008b200000, 0x000000008b200000| Complete 
| 135|0x000000008b300000, 0x000000008b300000, 0x000000008b400000|  0%| F|  |TAMS 0x000000008b300000, 0x000000008b300000| Untracked 
| 136|0x000000008b400000, 0x000000008b400000, 0x000000008b500000|  0%| F|  |TAMS 0x000000008b400000, 0x000000008b400000| Untracked 
| 137|0x000000008b500000, 0x000000008b500000, 0x000000008b600000|  0%| F|  |TAMS 0x000000008b500000, 0x000000008b500000| Untracked 
| 138|0x000000008b600000, 0x000000008b600000, 0x000000008b700000|  0%| F|  |TAMS 0x000000008b600000, 0x000000008b600000| Untracked 
| 139|0x000000008b700000, 0x000000008b700000, 0x000000008b800000|  0%| F|  |TAMS 0x000000008b700000, 0x000000008b700000| Untracked 
| 140|0x000000008b800000, 0x000000008b800000, 0x000000008b900000|  0%| F|  |TAMS 0x000000008b800000, 0x000000008b800000| Untracked 
| 141|0x000000008b900000, 0x000000008b900000, 0x000000008ba00000|  0%| F|  |TAMS 0x000000008b900000, 0x000000008b900000| Untracked 

Card table byte_map: [0x0000023162ab0000,0x0000023162ea0000] _byte_map_base: 0x000002316269a000

Marking Bits (Prev, Next): (CMBitMap*) 0x000002314b373fb0, (CMBitMap*) 0x000002314b373ff0
 Prev Bits: [0x0000023163290000, 0x00000231651e0000)
 Next Bits: [0x00000231651e0000, 0x0000023167130000)

Polling page: 0x00000231490d0000

Metaspace:

Usage:
  Non-class:     10.28 MB used.
      Class:      1.09 MB used.
       Both:     11.38 MB used.

Virtual space:
  Non-class space:       64.00 MB reserved,      10.38 MB ( 16%) committed,  1 nodes.
      Class space:        1.00 GB reserved,       1.19 MB ( <1%) committed,  1 nodes.
             Both:        1.06 GB reserved,      11.56 MB (  1%) committed. 

Chunk freelists:
   Non-Class:  3.75 MB
       Class:  14.78 MB
        Both:  18.53 MB

MaxMetaspaceSize: unlimited
CompressedClassSpaceSize: 1.00 GB
Initial GC threshold: 21.00 MB
Current GC threshold: 21.00 MB
CDS: on
MetaspaceReclaimPolicy: balanced
 - commit_granule_bytes: 65536.
 - commit_granule_words: 8192.
 - virtual_space_node_default_size: 8388608.
 - enlarge_chunks_in_place: 1.
 - new_chunks_are_fully_committed: 0.
 - uncommit_free_chunks: 1.
 - use_allocation_guard: 0.
 - handle_deallocations: 1.


Internal statistics:

num_allocs_failed_limit: 0.
num_arena_births: 72.
num_arena_deaths: 0.
num_vsnodes_births: 2.
num_vsnodes_deaths: 0.
num_space_committed: 185.
num_space_uncommitted: 0.
num_chunks_returned_to_freelist: 0.
num_chunks_taken_from_freelist: 465.
num_chunk_merges: 0.
num_chunk_splits: 330.
num_chunks_enlarged: 271.
num_inconsistent_stats: 0.

CodeHeap 'non-profiled nmethods': size=119168Kb used=2460Kb max_used=2460Kb free=116708Kb
 bounds [0x000002315a9e0000, 0x000002315ac50000, 0x0000023161e40000]
CodeHeap 'profiled nmethods': size=119104Kb used=9574Kb max_used=9574Kb free=109529Kb
 bounds [0x0000023152e40000, 0x00000231537a0000, 0x000002315a290000]
CodeHeap 'non-nmethods': size=7488Kb used=2836Kb max_used=2915Kb free=4651Kb
 bounds [0x000002315a290000, 0x000002315a570000, 0x000002315a9e0000]
 total_blobs=4707 nmethods=4271 adapters=344
 compilation: enabled
              stopped_count=0, restarted_count=0
 full_count=0

Compilation events (20 events):
Event: 8.106 Thread 0x000002316a1b21d0 5155       3       com.sun.tools.javac.comp.Flow$CaptureAnalyzer::visitIdent (26 bytes)
Event: 8.107 Thread 0x000002316a1b21d0 nmethod 5155 0x0000023153795b10 code [0x0000023153795cc0, 0x0000023153795f68]
Event: 8.110 Thread 0x000002316a47fe20 5157       3       com.sun.tools.javac.jvm.Gen::visitIdent (302 bytes)
Event: 8.112 Thread 0x000002316a47fe20 nmethod 5157 0x0000023153796090 code [0x0000023153796480, 0x0000023153798438]
Event: 8.160 Thread 0x000002316a47fe20 5159       2       com.sun.tools.javac.code.Type$WildcardType::<init> (13 bytes)
Event: 8.160 Thread 0x0000023169817cd0 5160       2       com.sun.tools.javac.code.Types::asSub (13 bytes)
Event: 8.160 Thread 0x000002316a1b21d0 5161       2       com.sun.tools.javac.code.Types$2::visitClassType (10 bytes)
Event: 8.160 Thread 0x000002316a1b2bb0 5162   !   2       com.sun.tools.javac.code.Types$2::visitClassType (321 bytes)
Event: 8.160 Thread 0x0000023169817cd0 nmethod 5160 0x0000023153798c90 code [0x0000023153798e40, 0x0000023153798fa8]
Event: 8.160 Thread 0x000002316a1b21d0 nmethod 5161 0x0000023153799090 code [0x0000023153799220, 0x0000023153799388]
Event: 8.160 Thread 0x0000023169817cd0 5163       2       com.sun.tools.javac.code.Types$TypePair::<init> (20 bytes)
Event: 8.160 Thread 0x000002316a47fe20 nmethod 5159 0x0000023153799490 code [0x0000023153799640, 0x0000023153799a28]
Event: 8.160 Thread 0x0000023169817cd0 nmethod 5163 0x0000023153799b90 code [0x0000023153799d20, 0x0000023153799f38]
Event: 8.162 Thread 0x000002316a1b2bb0 nmethod 5162 0x000002315379a010 code [0x000002315379a340, 0x000002315379b1a8]
Event: 8.163 Thread 0x0000023169817cd0 5164       2       com.sun.tools.javac.code.Type$ClassType::constType (28 bytes)
Event: 8.163 Thread 0x000002316a47fe20 5165       2       com.sun.tools.javac.code.Type$ClassType$2::<init> (22 bytes)
Event: 8.163 Thread 0x000002316a47fe20 nmethod 5165 0x000002315379ba90 code [0x000002315379bc40, 0x000002315379be28]
Event: 8.163 Thread 0x0000023169817cd0 nmethod 5164 0x000002315379bf10 code [0x000002315379c0c0, 0x000002315379c2b8]
Event: 8.166 Thread 0x0000023169817cd0 5166       2       java.util.stream.Nodes$ArrayNode::asArray (25 bytes)
Event: 8.166 Thread 0x0000023169817cd0 nmethod 5166 0x000002315379c390 code [0x000002315379c540, 0x000002315379c728]

GC Heap History (20 events):
Event: 3.823 GC heap after
{Heap after GC invocations=30 (full 0):
 garbage-first heap   total 77824K, used 55296K [0x0000000082c00000, 0x0000000100000000)
  region size 1024K, 2 young (2048K), 2 survivors (2048K)
 Metaspace       used 9334K, committed 9536K, reserved 1114112K
  class space    used 985K, committed 1088K, reserved 1048576K
}
Event: 3.865 GC heap before
{Heap before GC invocations=31 (full 0):
 garbage-first heap   total 99328K, used 60416K [0x0000000082c00000, 0x0000000100000000)
  region size 1024K, 7 young (7168K), 2 survivors (2048K)
 Metaspace       used 9334K, committed 9536K, reserved 1114112K
  class space    used 985K, committed 1088K, reserved 1048576K
}
Event: 3.879 GC heap after
{Heap after GC invocations=32 (full 0):
 garbage-first heap   total 131072K, used 59392K [0x0000000082c00000, 0x0000000100000000)
  region size 1024K, 1 young (1024K), 1 survivors (1024K)
 Metaspace       used 9334K, committed 9536K, reserved 1114112K
  class space    used 985K, committed 1088K, reserved 1048576K
}
Event: 3.958 GC heap before
{Heap before GC invocations=32 (full 0):
 garbage-first heap   total 131072K, used 69632K [0x0000000082c00000, 0x0000000100000000)
  region size 1024K, 12 young (12288K), 1 survivors (1024K)
 Metaspace       used 9350K, committed 9536K, reserved 1114112K
  class space    used 985K, committed 1088K, reserved 1048576K
}
Event: 3.973 GC heap after
{Heap after GC invocations=33 (full 0):
 garbage-first heap   total 131072K, used 67363K [0x0000000082c00000, 0x0000000100000000)
  region size 1024K, 4 young (4096K), 4 survivors (4096K)
 Metaspace       used 9350K, committed 9536K, reserved 1114112K
  class space    used 985K, committed 1088K, reserved 1048576K
}
Event: 4.319 GC heap before
{Heap before GC invocations=34 (full 0):
 garbage-first heap   total 131072K, used 88867K [0x0000000082c00000, 0x0000000100000000)
  region size 1024K, 23 young (23552K), 4 survivors (4096K)
 Metaspace       used 9575K, committed 9792K, reserved 1114112K
  class space    used 988K, committed 1088K, reserved 1048576K
}
Event: 4.337 GC heap after
{Heap after GC invocations=35 (full 0):
 garbage-first heap   total 131072K, used 73030K [0x0000000082c00000, 0x0000000100000000)
  region size 1024K, 3 young (3072K), 3 survivors (3072K)
 Metaspace       used 9575K, committed 9792K, reserved 1114112K
  class space    used 988K, committed 1088K, reserved 1048576K
}
Event: 4.549 GC heap before
{Heap before GC invocations=35 (full 0):
 garbage-first heap   total 131072K, used 91462K [0x0000000082c00000, 0x0000000100000000)
  region size 1024K, 21 young (21504K), 3 survivors (3072K)
 Metaspace       used 9649K, committed 9856K, reserved 1114112K
  class space    used 992K, committed 1088K, reserved 1048576K
}
Event: 4.562 GC heap after
{Heap after GC invocations=36 (full 0):
 garbage-first heap   total 131072K, used 76800K [0x0000000082c00000, 0x0000000100000000)
  region size 1024K, 3 young (3072K), 3 survivors (3072K)
 Metaspace       used 9649K, committed 9856K, reserved 1114112K
  class space    used 992K, committed 1088K, reserved 1048576K
}
Event: 4.637 GC heap before
{Heap before GC invocations=37 (full 0):
 garbage-first heap   total 133120K, used 80896K [0x0000000082c00000, 0x0000000100000000)
  region size 1024K, 8 young (8192K), 3 survivors (3072K)
 Metaspace       used 9656K, committed 9856K, reserved 1114112K
  class space    used 992K, committed 1088K, reserved 1048576K
}
Event: 4.646 GC heap after
{Heap after GC invocations=38 (full 0):
 garbage-first heap   total 133120K, used 78531K [0x0000000082c00000, 0x0000000100000000)
  region size 1024K, 2 young (2048K), 2 survivors (2048K)
 Metaspace       used 9656K, committed 9856K, reserved 1114112K
  class space    used 992K, committed 1088K, reserved 1048576K
}
Event: 5.272 GC heap before
{Heap before GC invocations=39 (full 0):
 garbage-first heap   total 145408K, used 101059K [0x0000000082c00000, 0x0000000100000000)
  region size 1024K, 21 young (21504K), 2 survivors (2048K)
 Metaspace       used 10928K, committed 11072K, reserved 1114112K
  class space    used 1116K, committed 1216K, reserved 1048576K
}
Event: 5.286 GC heap after
{Heap after GC invocations=40 (full 0):
 garbage-first heap   total 145408K, used 81920K [0x0000000082c00000, 0x0000000100000000)
  region size 1024K, 3 young (3072K), 3 survivors (3072K)
 Metaspace       used 10928K, committed 11072K, reserved 1114112K
  class space    used 1116K, committed 1216K, reserved 1048576K
}
Event: 6.459 GC heap before
{Heap before GC invocations=40 (full 0):
 garbage-first heap   total 145408K, used 107520K [0x0000000082c00000, 0x0000000100000000)
  region size 1024K, 28 young (28672K), 3 survivors (3072K)
 Metaspace       used 11468K, committed 11712K, reserved 1114112K
  class space    used 1117K, committed 1216K, reserved 1048576K
}
Event: 6.470 GC heap after
{Heap after GC invocations=41 (full 0):
 garbage-first heap   total 145408K, used 83322K [0x0000000082c00000, 0x0000000100000000)
  region size 1024K, 2 young (2048K), 2 survivors (2048K)
 Metaspace       used 11468K, committed 11712K, reserved 1114112K
  class space    used 1117K, committed 1216K, reserved 1048576K
}
Event: 7.835 GC heap before
{Heap before GC invocations=42 (full 0):
 garbage-first heap   total 145408K, used 108922K [0x0000000082c00000, 0x0000000100000000)
  region size 1024K, 28 young (28672K), 2 survivors (2048K)
 Metaspace       used 11600K, committed 11840K, reserved 1114112K
  class space    used 1119K, committed 1216K, reserved 1048576K
}
Event: 7.842 GC heap after
{Heap after GC invocations=43 (full 0):
 garbage-first heap   total 145408K, used 83315K [0x0000000082c00000, 0x0000000100000000)
  region size 1024K, 3 young (3072K), 3 survivors (3072K)
 Metaspace       used 11600K, committed 11840K, reserved 1114112K
  class space    used 1119K, committed 1216K, reserved 1048576K
}
Event: 7.928 GC heap before
{Heap before GC invocations=43 (full 0):
 garbage-first heap   total 145408K, used 87411K [0x0000000082c00000, 0x0000000100000000)
  region size 1024K, 7 young (7168K), 3 survivors (3072K)
 Metaspace       used 11643K, committed 11840K, reserved 1114112K
  class space    used 1119K, committed 1216K, reserved 1048576K
}
Event: 7.939 GC heap after
{Heap after GC invocations=44 (full 0):
 garbage-first heap   total 145408K, used 70765K [0x0000000082c00000, 0x0000000100000000)
  region size 1024K, 1 young (1024K), 1 survivors (1024K)
 Metaspace       used 11643K, committed 11840K, reserved 1114112K
  class space    used 1119K, committed 1216K, reserved 1048576K
}
Event: 8.167 GC heap before
{Heap before GC invocations=44 (full 0):
 garbage-first heap   total 145408K, used 76909K [0x0000000082c00000, 0x0000000100000000)
  region size 1024K, 7 young (7168K), 1 survivors (1024K)
 Metaspace       used 11650K, committed 11840K, reserved 1114112K
  class space    used 1119K, committed 1216K, reserved 1048576K
}

Dll operation events (6 events):
Event: 0.014 Loaded shared library C:\Program Files (x86)\Android\openjdk\jdk-17.0.12\bin\java.dll
Event: 0.032 Loaded shared library C:\Program Files (x86)\Android\openjdk\jdk-17.0.12\bin\jsvml.dll
Event: 0.089 Loaded shared library C:\Program Files (x86)\Android\openjdk\jdk-17.0.12\bin\jimage.dll
Event: 0.175 Loaded shared library C:\Program Files (x86)\Android\openjdk\jdk-17.0.12\bin\net.dll
Event: 0.177 Loaded shared library C:\Program Files (x86)\Android\openjdk\jdk-17.0.12\bin\nio.dll
Event: 0.475 Loaded shared library C:\Program Files (x86)\Android\openjdk\jdk-17.0.12\bin\zip.dll

Deoptimization events (20 events):
Event: 7.671 Thread 0x000002314b314fd0 Uncommon trap: trap_request=0xffffffc6 fr.pc=0x000002315aba8b1c relative=0x000000000000035c
Event: 7.671 Thread 0x000002314b314fd0 Uncommon trap: reason=bimorphic_or_optimized_type_check action=maybe_recompile pc=0x000002315aba8b1c method=com.sun.tools.javac.code.Scope$Entry.next(Ljava/util/function/Predicate;)Lcom/sun/tools/javac/code/Scope$Entry; @ 22 c2
Event: 7.671 Thread 0x000002314b314fd0 DEOPT PACKING pc=0x000002315aba8b1c sp=0x000000632ecfe710
Event: 7.671 Thread 0x000002314b314fd0 DEOPT UNPACKING pc=0x000002315a2e69a3 sp=0x000000632ecfe5a8 mode 2
Event: 7.723 Thread 0x000002314b314fd0 Uncommon trap: trap_request=0xffffff45 fr.pc=0x000002315abbcaf8 relative=0x0000000000000dd8
Event: 7.723 Thread 0x000002314b314fd0 Uncommon trap: reason=unstable_if action=reinterpret pc=0x000002315abbcaf8 method=com.sun.tools.javac.code.Types$SignatureGenerator.assembleSig(Lcom/sun/tools/javac/code/Type;)V @ 11 c2
Event: 7.723 Thread 0x000002314b314fd0 DEOPT PACKING pc=0x000002315abbcaf8 sp=0x000000632ecfe730
Event: 7.723 Thread 0x000002314b314fd0 DEOPT UNPACKING pc=0x000002315a2e69a3 sp=0x000000632ecfe6e8 mode 2
Event: 8.039 Thread 0x000002314b314fd0 Uncommon trap: trap_request=0xffffff45 fr.pc=0x000002315ac30468 relative=0x00000000000007c8
Event: 8.039 Thread 0x000002314b314fd0 Uncommon trap: reason=unstable_if action=reinterpret pc=0x000002315ac30468 method=com.sun.tools.javac.code.Symbol$ClassSymbol.isSubClass(Lcom/sun/tools/javac/code/Symbol;Lcom/sun/tools/javac/code/Types;)Z @ 105 c2
Event: 8.039 Thread 0x000002314b314fd0 DEOPT PACKING pc=0x000002315ac30468 sp=0x000000632ecfea40
Event: 8.039 Thread 0x000002314b314fd0 DEOPT UNPACKING pc=0x000002315a2e69a3 sp=0x000000632ecfea10 mode 2
Event: 8.104 Thread 0x000002314b314fd0 Uncommon trap: trap_request=0xffffffc6 fr.pc=0x000002315aba8b1c relative=0x000000000000035c
Event: 8.104 Thread 0x000002314b314fd0 Uncommon trap: reason=bimorphic_or_optimized_type_check action=maybe_recompile pc=0x000002315aba8b1c method=com.sun.tools.javac.code.Scope$Entry.next(Ljava/util/function/Predicate;)Lcom/sun/tools/javac/code/Scope$Entry; @ 22 c2
Event: 8.104 Thread 0x000002314b314fd0 DEOPT PACKING pc=0x000002315aba8b1c sp=0x000000632ecfe6c0
Event: 8.104 Thread 0x000002314b314fd0 DEOPT UNPACKING pc=0x000002315a2e69a3 sp=0x000000632ecfe558 mode 2
Event: 8.104 Thread 0x000002314b314fd0 Uncommon trap: trap_request=0xffffffc6 fr.pc=0x000002315aba8b1c relative=0x000000000000035c
Event: 8.104 Thread 0x000002314b314fd0 Uncommon trap: reason=bimorphic_or_optimized_type_check action=maybe_recompile pc=0x000002315aba8b1c method=com.sun.tools.javac.code.Scope$Entry.next(Ljava/util/function/Predicate;)Lcom/sun/tools/javac/code/Scope$Entry; @ 22 c2
Event: 8.104 Thread 0x000002314b314fd0 DEOPT PACKING pc=0x000002315aba8b1c sp=0x000000632ecfe6c0
Event: 8.104 Thread 0x000002314b314fd0 DEOPT UNPACKING pc=0x000002315a2e69a3 sp=0x000000632ecfe558 mode 2

Classes loaded (20 events):
Event: 5.072 Loading class java/util/stream/Nodes$EmptyNode$OfInt
Event: 5.072 Loading class java/util/stream/Node$OfInt
Event: 5.073 Loading class java/util/stream/Node$OfPrimitive
Event: 5.073 Loading class java/util/stream/Node$OfPrimitive done
Event: 5.073 Loading class java/util/stream/Node$OfInt done
Event: 5.073 Loading class java/util/stream/Nodes$EmptyNode$OfInt done
Event: 5.073 Loading class java/util/stream/Nodes$EmptyNode$OfLong
Event: 5.073 Loading class java/util/stream/Node$OfLong
Event: 5.073 Loading class java/util/stream/Node$OfLong done
Event: 5.073 Loading class java/util/stream/Nodes$EmptyNode$OfLong done
Event: 5.074 Loading class java/util/stream/Nodes$EmptyNode$OfDouble
Event: 5.074 Loading class java/util/stream/Node$OfDouble
Event: 5.074 Loading class java/util/stream/Node$OfDouble done
Event: 5.074 Loading class java/util/stream/Nodes$EmptyNode$OfDouble done
Event: 5.074 Loading class java/util/stream/Nodes$FixedNodeBuilder
Event: 5.074 Loading class java/util/stream/Node$Builder
Event: 5.074 Loading class java/util/stream/Node$Builder done
Event: 5.074 Loading class java/util/stream/Nodes$ArrayNode
Event: 5.074 Loading class java/util/stream/Nodes$ArrayNode done
Event: 5.074 Loading class java/util/stream/Nodes$FixedNodeBuilder done

Classes unloaded (0 events):
No events

Classes redefined (0 events):
No events

Internal exceptions (20 events):
Event: 7.758 Thread 0x000002314b314fd0 Exception <a 'sun/nio/fs/WindowsException'{0x000000008a3b1c20}> (0x000000008a3b1c20) 
thrown [s\src\hotspot\share\prims\jni.cpp, line 516]
Event: 7.772 Thread 0x000002314b314fd0 Exception <a 'sun/nio/fs/WindowsException'{0x000000008a123300}> (0x000000008a123300) 
thrown [s\src\hotspot\share\prims\jni.cpp, line 516]
Event: 7.782 Thread 0x000002314b314fd0 Exception <a 'sun/nio/fs/WindowsException'{0x000000008a1810c0}> (0x000000008a1810c0) 
thrown [s\src\hotspot\share\prims\jni.cpp, line 516]
Event: 7.794 Thread 0x000002314b314fd0 Exception <a 'sun/nio/fs/WindowsException'{0x000000008a1d4d90}> (0x000000008a1d4d90) 
thrown [s\src\hotspot\share\prims\jni.cpp, line 516]
Event: 7.823 Thread 0x000002314b314fd0 Exception <a 'sun/nio/fs/WindowsException'{0x000000008a09c528}> (0x000000008a09c528) 
thrown [s\src\hotspot\share\prims\jni.cpp, line 516]
Event: 7.827 Thread 0x000002314b314fd0 Exception <a 'sun/nio/fs/WindowsException'{0x000000008a0a59b0}> (0x000000008a0a59b0) 
thrown [s\src\hotspot\share\prims\jni.cpp, line 516]
Event: 7.861 Thread 0x000002314b314fd0 Exception <a 'sun/nio/fs/WindowsException'{0x000000008b8360c8}> (0x000000008b8360c8) 
thrown [s\src\hotspot\share\prims\jni.cpp, line 516]
Event: 7.877 Thread 0x000002314b314fd0 Exception <a 'sun/nio/fs/WindowsException'{0x000000008b7d3088}> (0x000000008b7d3088) 
thrown [s\src\hotspot\share\prims\jni.cpp, line 516]
Event: 7.884 Thread 0x000002314b314fd0 Exception <a 'sun/nio/fs/WindowsException'{0x000000008b624548}> (0x000000008b624548) 
thrown [s\src\hotspot\share\prims\jni.cpp, line 516]
Event: 7.890 Thread 0x000002314b314fd0 Exception <a 'sun/nio/fs/WindowsException'{0x000000008b653100}> (0x000000008b653100) 
thrown [s\src\hotspot\share\prims\jni.cpp, line 516]
Event: 7.903 Thread 0x000002314b314fd0 Exception <a 'sun/nio/fs/WindowsException'{0x000000008b671738}> (0x000000008b671738) 
thrown [s\src\hotspot\share\prims\jni.cpp, line 516]
Event: 7.915 Thread 0x000002314b314fd0 Exception <a 'sun/nio/fs/WindowsException'{0x000000008b6b08a0}> (0x000000008b6b08a0) 
thrown [s\src\hotspot\share\prims\jni.cpp, line 516]
Event: 7.941 Thread 0x000002314b314fd0 Exception <a 'sun/nio/fs/WindowsException'{0x000000008b920bb8}> (0x000000008b920bb8) 
thrown [s\src\hotspot\share\prims\jni.cpp, line 516]
Event: 7.952 Thread 0x000002314b314fd0 Exception <a 'sun/nio/fs/WindowsException'{0x000000008b94b4a8}> (0x000000008b94b4a8) 
thrown [s\src\hotspot\share\prims\jni.cpp, line 516]
Event: 7.967 Thread 0x000002314b314fd0 Exception <a 'sun/nio/fs/WindowsException'{0x000000008b96cd58}> (0x000000008b96cd58) 
thrown [s\src\hotspot\share\prims\jni.cpp, line 516]
Event: 7.996 Thread 0x000002314b314fd0 Exception <a 'sun/nio/fs/WindowsException'{0x000000008b9a2b20}> (0x000000008b9a2b20) 
thrown [s\src\hotspot\share\prims\jni.cpp, line 516]
Event: 8.052 Thread 0x000002314b314fd0 Exception <a 'sun/nio/fs/WindowsException'{0x000000008b7bbc60}> (0x000000008b7bbc60) 
thrown [s\src\hotspot\share\prims\jni.cpp, line 516]
Event: 8.052 Thread 0x000002314b314fd0 Exception <a 'sun/nio/fs/WindowsException'{0x000000008b7bc1c0}> (0x000000008b7bc1c0) 
thrown [s\src\hotspot\share\prims\jni.cpp, line 516]
Event: 8.090 Thread 0x000002314b314fd0 Exception <a 'sun/nio/fs/WindowsException'{0x000000008b46a338}> (0x000000008b46a338) 
thrown [s\src\hotspot\share\prims\jni.cpp, line 516]
Event: 8.111 Thread 0x000002314b314fd0 Exception <a 'sun/nio/fs/WindowsException'{0x000000008b35dfb0}> (0x000000008b35dfb0) 
thrown [s\src\hotspot\share\prims\jni.cpp, line 516]

VM Operations (20 events):
Event: 6.509 Executing VM operation: G1PauseRemark done
Event: 6.528 Executing VM operation: G1PauseCleanup
Event: 6.528 Executing VM operation: G1PauseCleanup done
Event: 6.809 Executing VM operation: ICBufferFull
Event: 6.809 Executing VM operation: ICBufferFull done
Event: 6.809 Executing VM operation: HandshakeAllThreads
Event: 6.809 Executing VM operation: HandshakeAllThreads done
Event: 6.816 Executing VM operation: ICBufferFull
Event: 6.817 Executing VM operation: ICBufferFull done
Event: 7.435 Executing VM operation: ICBufferFull
Event: 7.435 Executing VM operation: ICBufferFull done
Event: 7.565 Executing VM operation: ICBufferFull
Event: 7.565 Executing VM operation: ICBufferFull done
Event: 7.754 Executing VM operation: ICBufferFull
Event: 7.754 Executing VM operation: ICBufferFull done
Event: 7.834 Executing VM operation: G1CollectForAllocation
Event: 7.842 Executing VM operation: G1CollectForAllocation done
Event: 7.928 Executing VM operation: G1CollectForAllocation
Event: 7.939 Executing VM operation: G1CollectForAllocation done
Event: 8.167 Executing VM operation: G1CollectForAllocation

Events (20 events):
Event: 5.002 Thread 0x0000023169820db0 flushing nmethod 0x0000023153573b90
Event: 5.002 Thread 0x0000023169820db0 flushing nmethod 0x0000023153574390
Event: 5.002 Thread 0x0000023169820db0 flushing nmethod 0x0000023153576d90
Event: 5.002 Thread 0x0000023169820db0 flushing nmethod 0x0000023153582390
Event: 5.002 Thread 0x0000023169820db0 flushing nmethod 0x0000023153592390
Event: 5.002 Thread 0x0000023169820db0 flushing nmethod 0x0000023153593890
Event: 5.002 Thread 0x0000023169820db0 flushing nmethod 0x0000023153599610
Event: 5.002 Thread 0x0000023169820db0 flushing nmethod 0x00000231535b3090
Event: 5.002 Thread 0x0000023169820db0 flushing nmethod 0x00000231535b3990
Event: 5.002 Thread 0x0000023169820db0 flushing nmethod 0x00000231535cf510
Event: 6.816 Thread 0x0000023169820db0 flushing nmethod 0x0000023153367a10
Event: 6.817 Thread 0x0000023169820db0 flushing nmethod 0x000002315340d110
Event: 6.817 Thread 0x0000023169820db0 flushing nmethod 0x0000023153419610
Event: 6.819 Thread 0x0000023169820db0 flushing nmethod 0x00000231535b5c10
Event: 6.819 Thread 0x0000023169820db0 flushing nmethod 0x00000231535cf110
Event: 6.819 Thread 0x0000023169820db0 flushing nmethod 0x00000231535dc290
Event: 6.819 Thread 0x0000023169820db0 flushing nmethod 0x00000231535dc690
Event: 6.819 Thread 0x0000023169820db0 flushing nmethod 0x00000231535e8410
Event: 7.286 Thread 0x000002316a1bca00 Thread exited: 0x000002316a1bca00
Event: 7.378 Thread 0x000002316a1bc950 Thread added: 0x000002316a1bc950


Dynamic libraries:
0x00007ff6b5e30000 - 0x00007ff6b5e38000 	C:\Program Files (x86)\Android\openjdk\jdk-17.0.12\bin\javac.exe
0x00007ffc441e0000 - 0x00007ffc44448000 	C:\WINDOWS\SYSTEM32\ntdll.dll
0x00007ffc433a0000 - 0x00007ffc43469000 	C:\WINDOWS\System32\KERNEL32.DLL
0x00007ffc41640000 - 0x00007ffc41a32000 	C:\WINDOWS\System32\KERNELBASE.dll
0x00007ffc41370000 - 0x00007ffc414bb000 	C:\WINDOWS\System32\ucrtbase.dll
0x00007ffc2fa60000 - 0x00007ffc2fa77000 	C:\Program Files (x86)\Android\openjdk\jdk-17.0.12\bin\jli.dll
0x00007ffc147b0000 - 0x00007ffc147cd000 	C:\Program Files (x86)\Android\openjdk\jdk-17.0.12\bin\VCRUNTIME140.dll
0x00007ffc43590000 - 0x00007ffc43755000 	C:\WINDOWS\System32\USER32.dll
0x00007ffc29dd0000 - 0x00007ffc2a063000 	C:\WINDOWS\WinSxS\amd64_microsoft.windows.common-controls_6595b64144ccf1df_6.0.26100.6899_none_3e0efeeae32e88c1\COMCTL32.dll
0x00007ffc41ce0000 - 0x00007ffc41d07000 	C:\WINDOWS\System32\win32u.dll
0x00007ffc43f10000 - 0x00007ffc43fb9000 	C:\WINDOWS\System32\msvcrt.dll
0x00007ffc43030000 - 0x00007ffc4305b000 	C:\WINDOWS\System32\GDI32.dll
0x00007ffc41af0000 - 0x00007ffc41c1d000 	C:\WINDOWS\System32\gdi32full.dll
0x00007ffc41a40000 - 0x00007ffc41ae3000 	C:\WINDOWS\System32\msvcp_win.dll
0x00007ffc43550000 - 0x00007ffc4357f000 	C:\WINDOWS\System32\IMM32.DLL
0x00007ffc36a90000 - 0x00007ffc36a9c000 	C:\Program Files (x86)\Android\openjdk\jdk-17.0.12\bin\vcruntime140_1.dll
0x00007ffbbb780000 - 0x00007ffbbb80d000 	C:\Program Files (x86)\Android\openjdk\jdk-17.0.12\bin\msvcp140.dll
0x00007ffb11da0000 - 0x00007ffb12a10000 	C:\Program Files (x86)\Android\openjdk\jdk-17.0.12\bin\server\jvm.dll
0x00007ffc432e0000 - 0x00007ffc43394000 	C:\WINDOWS\System32\ADVAPI32.dll
0x00007ffc440e0000 - 0x00007ffc44186000 	C:\WINDOWS\System32\sechost.dll
0x00007ffc431c0000 - 0x00007ffc432d8000 	C:\WINDOWS\System32\RPCRT4.dll
0x00007ffc43fc0000 - 0x00007ffc44034000 	C:\WINDOWS\System32\WS2_32.dll
0x00007ffc411d0000 - 0x00007ffc4122e000 	C:\WINDOWS\SYSTEM32\POWRPROF.dll
0x00007ffc39b70000 - 0x00007ffc39b7b000 	C:\WINDOWS\SYSTEM32\VERSION.dll
0x00007ffc319b0000 - 0x00007ffc319e5000 	C:\WINDOWS\SYSTEM32\WINMM.dll
0x00007ffc411b0000 - 0x00007ffc411c4000 	C:\WINDOWS\SYSTEM32\UMPDC.dll
0x00007ffc40140000 - 0x00007ffc4015b000 	C:\WINDOWS\SYSTEM32\kernel.appcore.dll
0x00007ffc147a0000 - 0x00007ffc147aa000 	C:\Program Files (x86)\Android\openjdk\jdk-17.0.12\bin\jimage.dll
0x00007ffc2c4c0000 - 0x00007ffc2c702000 	C:\WINDOWS\SYSTEM32\DBGHELP.DLL
0x00007ffc42a50000 - 0x00007ffc42dcb000 	C:\WINDOWS\System32\combase.dll
0x00007ffc43470000 - 0x00007ffc43547000 	C:\WINDOWS\System32\OLEAUT32.dll
0x00007ffc24cf0000 - 0x00007ffc24d2c000 	C:\WINDOWS\SYSTEM32\dbgcore.DLL
0x00007ffc41da0000 - 0x00007ffc41e38000 	C:\WINDOWS\System32\bcryptPrimitives.dll
0x00007ffbcbd20000 - 0x00007ffbcbd45000 	C:\Program Files (x86)\Android\openjdk\jdk-17.0.12\bin\java.dll
0x00007ffbab720000 - 0x00007ffbab7f7000 	C:\Program Files (x86)\Android\openjdk\jdk-17.0.12\bin\jsvml.dll
0x00007ffc43760000 - 0x00007ffc43ead000 	C:\WINDOWS\System32\SHELL32.dll
0x00007ffc41e40000 - 0x00007ffc41fab000 	C:\WINDOWS\System32\wintypes.dll
0x00007ffc3ef90000 - 0x00007ffc3f7ed000 	C:\WINDOWS\SYSTEM32\windows.storage.dll
0x00007ffc42900000 - 0x00007ffc429f2000 	C:\WINDOWS\System32\SHCORE.dll
0x00007ffc44060000 - 0x00007ffc440c2000 	C:\WINDOWS\System32\shlwapi.dll
0x00007ffc41290000 - 0x00007ffc412b9000 	C:\WINDOWS\SYSTEM32\profapi.dll
0x00007ffbc80e0000 - 0x00007ffbc80fa000 	C:\Program Files (x86)\Android\openjdk\jdk-17.0.12\bin\net.dll
0x00007ffc3ad70000 - 0x00007ffc3ae8f000 	C:\WINDOWS\SYSTEM32\WINHTTP.dll
0x00007ffc406b0000 - 0x00007ffc4071b000 	C:\WINDOWS\system32\mswsock.dll
0x00007ffbc80c0000 - 0x00007ffbc80d6000 	C:\Program Files (x86)\Android\openjdk\jdk-17.0.12\bin\nio.dll
0x00007ffbc7340000 - 0x00007ffbc7358000 	C:\Program Files (x86)\Android\openjdk\jdk-17.0.12\bin\zip.dll

dbghelp: loaded successfully - version: 4.0.5 - missing functions: none
symbol engine: initialized successfully - sym options: 0x614 - pdb path: .;C:\Program Files (x86)\Android\openjdk\jdk-17.0.12\bin;C:\WINDOWS\SYSTEM32;C:\WINDOWS\WinSxS\amd64_microsoft.windows.common-controls_6595b64144ccf1df_6.0.26100.6899_none_3e0efeeae32e88c1;C:\Program Files (x86)\Android\openjdk\jdk-17.0.12\bin\server

VM Arguments:
jvm_args: -Dapplication.home=C:\Program Files (x86)\Android\openjdk\jdk-17.0.12 --add-modules=ALL-DEFAULT -Xms8m -Dfile.encoding=UTF8 -Djdk.module.main=jdk.compiler 
java_command: jdk.compiler/com.sun.tools.javac.Main @C:\Users\MERARI URBANO\AppData\Local\Temp\tmp82C9.tmp -target 1.8 -source 1.8
java_class_path (initial): <not set>
Launcher Type: SUN_STANDARD

[Global flags]
     intx CICompilerCount                          = 12                                        {product} {ergonomic}
     uint ConcGCThreads                            = 3                                         {product} {ergonomic}
     uint G1ConcRefinementThreads                  = 13                                        {product} {ergonomic}
   size_t G1HeapRegionSize                         = 1048576                                   {product} {ergonomic}
    uintx GCDrainStackTargetSize                   = 64                                        {product} {ergonomic}
   size_t InitialHeapSize                          = 8388608                                   {product} {command line}
   size_t MarkStackSize                            = 4194304                                   {product} {ergonomic}
   size_t MaxHeapSize                              = 2101346304                                {product} {ergonomic}
   size_t MaxNewSize                               = 1260388352                                {product} {ergonomic}
   size_t MinHeapDeltaBytes                        = 1048576                                   {product} {ergonomic}
   size_t MinHeapSize                              = 8388608                                   {product} {command line}
    uintx NonNMethodCodeHeapSize                   = 7602480                                {pd product} {ergonomic}
    uintx NonProfiledCodeHeapSize                  = 122027880                              {pd product} {ergonomic}
    uintx ProfiledCodeHeapSize                     = 122027880                              {pd product} {ergonomic}
    uintx ReservedCodeCacheSize                    = 251658240                              {pd product} {ergonomic}
     bool SegmentedCodeCache                       = true                                      {product} {ergonomic}
   size_t SoftMaxHeapSize                          = 2101346304                             {manageable} {ergonomic}
     bool UseCompressedClassPointers               = true                           {product lp64_product} {ergonomic}
     bool UseCompressedOops                        = true                           {product lp64_product} {ergonomic}
     bool UseG1GC                                  = true                                      {product} {ergonomic}
     bool UseLargePagesIndividualAllocation        = false                                  {pd product} {ergonomic}

Logging:
Log output configuration:
 #0: stdout all=warning uptime,level,tags
 #1: stderr all=off uptime,level,tags

Environment Variables:
PATH=C:\Program Files (x86)\Android\openjdk\jdk-17.0.12\bin;C:\Program Files\Common Files\Oracle\Java\javapath;C:\WINDOWS\system32;C:\WINDOWS;C:\WINDOWS\System32\Wbem;C:\WINDOWS\System32\WindowsPowerShell\v1.0\;C:\WINDOWS\System32\OpenSSH\;C:\Program Files (x86)\NVIDIA Corporation\PhysX\Common;C:\Program Files\NVIDIA Corporation\NVIDIA NvDLISR;C:\Program Files\dotnet\;C:\Program Files\Microsoft SQL Server\150\Tools\Binn\;C:\Program Files\Microsoft SQL Server\Client SDK\ODBC\170\Tools\Binn\;C:\Program Files (x86)\Windows Kits\10\Windows Performance Toolkit\;C:\Program Files\Git\cmd;C:\Program Files (x86)\Microsoft SQL Server\160\Tools\Binn\;C:\Program Files\Microsoft SQL Server\160\Tools\Binn\;C:\Program Files\Microsoft SQL Server\160\DTS\Binn\;C:\Program Files (x86)\Microsoft SQL Server\160\DTS\Binn\;C:\Program Files\nodejs\;C:\Program Files\Docker\Docker\resources\bin;C:\Users\MERARI URBANO\AppData\Local\Programs\Python\Launcher\;C:\Users\MERARI URBANO\AppData\Local\Microsoft\WindowsApps;C:\Users\MERARI URBANO\AppData\Local\Programs\Microsoft VS Code\bin;C:\Users\MERARI URBANO\.dotnet\tools;C:\Program Files\Apache\Maven\apache-maven-3.9.9\bin;C:\Users\MERARI URBANO\AppData\Roaming\npm;C:\Users\MERARI URBANO\AppData\Local\Android\Sdk;C:\Users\MERARI URBANO\AppData\Local\Android\Sdk\platform-tools;
USERNAME=MERARI URBANO
OS=Windows_NT
PROCESSOR_IDENTIFIER=AMD64 Family 25 Model 68 Stepping 1, AuthenticAMD
TMP=C:\Users\MERARI~1\AppData\Local\Temp
TEMP=C:\Users\MERARI~1\AppData\Local\Temp



Periodic native trim disabled


---------------  S Y S T E M  ---------------

OS:
 Windows 11 , 64 bit Build 26100 (10.0.26100.6725)
OS uptime: 20 days 2:31 hours
Hyper-V role detected

CPU: total 16 (initial active 16) (16 cores per cpu, 2 threads per core) family 25 model 68 stepping 1 microcode 0xa404107, cx8, cmov, fxsr, ht, mmx, 3dnowpref, sse, sse2, sse3, ssse3, sse4a, sse4.1, sse4.2, popcnt, lzcnt, tsc, tscinvbit, avx, avx2, aes, erms, clmul, bmi1, bmi2, adx, sha, fma, vzeroupper, clflush, clflushopt, hv
Processor Information for the first 16 processors :
  Max Mhz: 3100, Current Mhz: 3100, Mhz Limit: 3100

Memory: 4k page, system-wide physical 8010M (1098M free)
TotalPageFile size 32586M (AvailPageFile size 204M)
current process WorkingSet (physical memory assigned to process): 227M, peak: 241M
current process commit charge ("private bytes"): 287M, peak: 576M

vm_info: OpenJDK 64-Bit Server VM (17.0.12+7-LTS) for windows-amd64 JRE (17.0.12+7-LTS), built on Jul 16 2024 18:11:44 by "MicrosoftCorporation" with unknown MS VC++:1939

END.
